<?xml version="1.0" encoding="UTF-8" ?>
<testsuite errors="0" failures="4" hostname="Marcos-PC" name="Políticos" tests="7" time="3.405" timestamp="2016-06-28T02:41:10">
  <properties />
  <testcase classname="grails.plugin.cucumber.CucumberTest" name="Adicionar politico nao existente" time="0.095" />
  <testcase classname="grails.plugin.cucumber.CucumberTest" name="Adicionar politico existente" time="0.096" />
  <testcase classname="grails.plugin.cucumber.CucumberTest" name="Atualizar político" time="0.094">
    <failure message="Undefined Step: Given que exista um politico com nome “Eduardo” e CPF &quot;01234567890”" type="grails.plugin.cucumber.FakeAssertionFailedError">cucumber.runtime.UndefinedStepException: Undefined Step: Given que exista um politico com nome “Eduardo” e CPF &quot;01234567890”
	at java.lang.reflect.Constructor.newInstance(Constructor.java:526)
	at org.codehaus.groovy.reflection.CachedConstructor.invoke(CachedConstructor.java:77)
	at org.codehaus.groovy.runtime.callsite.ConstructorSite$ConstructorSiteNoUnwrapNoCoerce.callConstructor(ConstructorSite.java:102)
	at org.codehaus.groovy.runtime.callsite.CallSiteArray.defaultCallConstructor(CallSiteArray.java:57)
	at org.codehaus.groovy.runtime.callsite.AbstractCallSite.callConstructor(AbstractCallSite.java:182)
	at org.codehaus.groovy.runtime.callsite.AbstractCallSite.callConstructor(AbstractCallSite.java:190)
	at grails.plugin.cucumber.CucumberFormatter.resultUndefined(CucumberFormatter.groovy:250)
	at grails.plugin.cucumber.CucumberFormatter.result(CucumberFormatter.groovy:215)
	at cucumber.runtime.Utils$1.call(Utils.java:37)
	at cucumber.runtime.Timeout.timeout(Timeout.java:13)
	at cucumber.runtime.Utils.invoke(Utils.java:31)
	at cucumber.runtime.RuntimeOptions$1.invoke(RuntimeOptions.java:243)
	at com.sun.proxy.$Proxy42.result(Unknown Source)
	at cucumber.runtime.Runtime.runStep(Runtime.java:280)
	at cucumber.runtime.model.StepContainer.runStep(StepContainer.java:44)
	at cucumber.runtime.model.StepContainer.runSteps(StepContainer.java:39)
	at cucumber.runtime.model.CucumberScenario.run(CucumberScenario.java:48)
	at cucumber.runtime.model.CucumberFeature.run(CucumberFeature.java:163)
	at cucumber.runtime.model.CucumberFeature$run$0.call(Unknown Source)
	at grails.plugin.cucumber.Cucumber$_run_closure2.doCall(Cucumber.groovy:59)
	at org.codehaus.groovy.reflection.CachedMethod.invoke(CachedMethod.java:90)
	at groovy.lang.MetaMethod.doMethodInvoke(MetaMethod.java:324)
	at groovy.lang.MetaClassImpl.invokeMethod(MetaClassImpl.java:1207)
	at groovy.lang.ExpandoMetaClass.invokeMethod(ExpandoMetaClass.java:1110)
	at groovy.lang.MetaClassImpl.invokeMethod(MetaClassImpl.java:1016)
	at groovy.lang.Closure.call(Closure.java:423)
	at groovy.lang.Closure.call(Closure.java:439)
	at org.codehaus.groovy.runtime.DefaultGroovyMethods.each(DefaultGroovyMethods.java:1379)
	at org.codehaus.groovy.runtime.DefaultGroovyMethods.each(DefaultGroovyMethods.java:1372)
	at org.codehaus.groovy.runtime.dgm$149.invoke(Unknown Source)
	at org.codehaus.groovy.runtime.callsite.PojoMetaMethodSite$PojoMetaMethodSiteNoUnwrapNoCoerce.invoke(PojoMetaMethodSite.java:271)
	at org.codehaus.groovy.runtime.callsite.PojoMetaMethodSite.call(PojoMetaMethodSite.java:53)
	at org.codehaus.groovy.runtime.callsite.CallSiteArray.defaultCall(CallSiteArray.java:45)
	at org.codehaus.groovy.runtime.callsite.AbstractCallSite.call(AbstractCallSite.java:108)
	at org.codehaus.groovy.runtime.callsite.AbstractCallSite.call(AbstractCallSite.java:116)
	at grails.plugin.cucumber.Cucumber.run(Cucumber.groovy:58)
	at grails.plugin.cucumber.Cucumber$run$1.call(Unknown Source)
	at org.codehaus.groovy.runtime.callsite.CallSiteArray.defaultCall(CallSiteArray.java:45)
	at org.codehaus.groovy.runtime.callsite.AbstractCallSite.call(AbstractCallSite.java:108)
	at org.codehaus.groovy.runtime.callsite.AbstractCallSite.call(AbstractCallSite.java:116)
	at grails.plugin.cucumber.CucumberTestType.runFeatures(CucumberTestType.groovy:148)
	at grails.plugin.cucumber.CucumberTestType.this$3$runFeatures(CucumberTestType.groovy)
	at grails.plugin.cucumber.CucumberTestType$this$3$runFeatures$3.callCurrent(Unknown Source)
	at org.codehaus.groovy.runtime.callsite.CallSiteArray.defaultCallCurrent(CallSiteArray.java:49)
	at org.codehaus.groovy.runtime.callsite.AbstractCallSite.callCurrent(AbstractCallSite.java:133)
	at org.codehaus.groovy.runtime.callsite.AbstractCallSite.callCurrent(AbstractCallSite.java:141)
	at grails.plugin.cucumber.CucumberTestType.doRun(CucumberTestType.groovy:58)
	at org.codehaus.groovy.grails.test.support.GrailsTestTypeSupport.run(GrailsTestTypeSupport.groovy:121)
	at org.codehaus.groovy.grails.test.runner.GrailsProjectTestRunner.runTests(GrailsProjectTestRunner.groovy:415)
	at org.codehaus.groovy.grails.test.runner.GrailsProjectTestRunner.processTests(GrailsProjectTestRunner.groovy:395)
	at org.codehaus.groovy.reflection.CachedMethod.invoke(CachedMethod.java:90)
	at groovy.lang.MetaMethod.doMethodInvoke(MetaMethod.java:324)
	at groovy.lang.MetaClassImpl.invokeMethod(MetaClassImpl.java:1207)
	at groovy.lang.ExpandoMetaClass.invokeMethod(ExpandoMetaClass.java:1110)
	at groovy.lang.MetaClassImpl.invokeMethod(MetaClassImpl.java:1016)
	at groovy.lang.MetaClassImpl.invokeMethod(MetaClassImpl.java:1152)
	at groovy.lang.ExpandoMetaClass.invokeMethod(ExpandoMetaClass.java:1110)
	at groovy.lang.MetaClassImpl.invokeMethod(MetaClassImpl.java:1016)
	at org.codehaus.groovy.runtime.callsite.PogoMetaClassSite.callCurrent(PogoMetaClassSite.java:66)
	at org.codehaus.groovy.runtime.callsite.CallSiteArray.defaultCallCurrent(CallSiteArray.java:49)
	at org.codehaus.groovy.runtime.callsite.AbstractCallSite.callCurrent(AbstractCallSite.java:133)
	at org.codehaus.groovy.runtime.callsite.AbstractCallSite.callCurrent(AbstractCallSite.java:141)
	at org.codehaus.groovy.grails.test.runner.GrailsProjectTestRunner$_runAllTests_closure7.doCall(GrailsProjectTestRunner.groovy:313)
	at org.codehaus.groovy.reflection.CachedMethod.invoke(CachedMethod.java:90)
	at groovy.lang.MetaMethod.doMethodInvoke(MetaMethod.java:324)
	at groovy.lang.MetaClassImpl.invokeMethod(MetaClassImpl.java:1207)
	at groovy.lang.ExpandoMetaClass.invokeMethod(ExpandoMetaClass.java:1110)
	at groovy.lang.MetaClassImpl.invokeMethod(MetaClassImpl.java:1016)
	at groovy.lang.Closure.call(Closure.java:423)
	at org.codehaus.groovy.runtime.DefaultGroovyMethods.callClosureForMapEntry(DefaultGroovyMethods.java:4271)
	at org.codehaus.groovy.runtime.DefaultGroovyMethods.each(DefaultGroovyMethods.java:1408)
	at org.codehaus.groovy.runtime.dgm$151.invoke(Unknown Source)
	at org.codehaus.groovy.runtime.callsite.PojoMetaMethodSite$PojoMetaMethodSiteNoUnwrapNoCoerce.invoke(PojoMetaMethodSite.java:271)
	at org.codehaus.groovy.runtime.callsite.PojoMetaMethodSite.call(PojoMetaMethodSite.java:53)
	at org.codehaus.groovy.runtime.callsite.CallSiteArray.defaultCall(CallSiteArray.java:45)
	at org.codehaus.groovy.runtime.callsite.AbstractCallSite.call(AbstractCallSite.java:108)
	at org.codehaus.groovy.runtime.callsite.AbstractCallSite.call(AbstractCallSite.java:116)
	at org.codehaus.groovy.grails.test.runner.GrailsProjectTestRunner.runAllTests(GrailsProjectTestRunner.groovy:299)
	at org.codehaus.groovy.grails.test.runner.GrailsProjectTestRunner.runAllTests(GrailsProjectTestRunner.groovy:214)
	at org.codehaus.groovy.grails.test.runner.GrailsProjectTestRunner.runAllTests(GrailsProjectTestRunner.groovy)
	at org.codehaus.groovy.grails.test.runner.GrailsProjectTestRunner$runAllTests$0.call(Unknown Source)
	at org.codehaus.groovy.runtime.callsite.CallSiteArray.defaultCall(CallSiteArray.java:45)
	at org.codehaus.groovy.runtime.callsite.AbstractCallSite.call(AbstractCallSite.java:108)
	at org.codehaus.groovy.runtime.callsite.AbstractCallSite.call(AbstractCallSite.java:116)
</failure>
    <failure message="Undefined Step: When eu tentar atualizar os dados do político  com nome “Eduardo” e CPF &quot;01234567890”" type="grails.plugin.cucumber.FakeAssertionFailedError">cucumber.runtime.UndefinedStepException: Undefined Step: When eu tentar atualizar os dados do político  com nome “Eduardo” e CPF &quot;01234567890”
	at java.lang.reflect.Constructor.newInstance(Constructor.java:526)
	at org.codehaus.groovy.reflection.CachedConstructor.invoke(CachedConstructor.java:77)
	at org.codehaus.groovy.runtime.callsite.ConstructorSite$ConstructorSiteNoUnwrapNoCoerce.callConstructor(ConstructorSite.java:102)
	at org.codehaus.groovy.runtime.callsite.AbstractCallSite.callConstructor(AbstractCallSite.java:190)
	at grails.plugin.cucumber.CucumberFormatter.resultUndefined(CucumberFormatter.groovy:250)
	at grails.plugin.cucumber.CucumberFormatter.result(CucumberFormatter.groovy:215)
	at cucumber.runtime.Utils$1.call(Utils.java:37)
	at cucumber.runtime.Timeout.timeout(Timeout.java:13)
	at cucumber.runtime.Utils.invoke(Utils.java:31)
	at cucumber.runtime.RuntimeOptions$1.invoke(RuntimeOptions.java:243)
	at com.sun.proxy.$Proxy42.result(Unknown Source)
	at cucumber.runtime.Runtime.runStep(Runtime.java:280)
	at cucumber.runtime.model.StepContainer.runStep(StepContainer.java:44)
	at cucumber.runtime.model.StepContainer.runSteps(StepContainer.java:39)
	at cucumber.runtime.model.CucumberScenario.run(CucumberScenario.java:48)
	at cucumber.runtime.model.CucumberFeature.run(CucumberFeature.java:163)
	at cucumber.runtime.model.CucumberFeature$run$0.call(Unknown Source)
	at grails.plugin.cucumber.Cucumber$_run_closure2.doCall(Cucumber.groovy:59)
	at org.codehaus.groovy.reflection.CachedMethod.invoke(CachedMethod.java:90)
	at groovy.lang.MetaMethod.doMethodInvoke(MetaMethod.java:324)
	at groovy.lang.MetaClassImpl.invokeMethod(MetaClassImpl.java:1207)
	at groovy.lang.ExpandoMetaClass.invokeMethod(ExpandoMetaClass.java:1110)
	at groovy.lang.MetaClassImpl.invokeMethod(MetaClassImpl.java:1016)
	at groovy.lang.Closure.call(Closure.java:423)
	at groovy.lang.Closure.call(Closure.java:439)
	at org.codehaus.groovy.runtime.DefaultGroovyMethods.each(DefaultGroovyMethods.java:1379)
	at org.codehaus.groovy.runtime.DefaultGroovyMethods.each(DefaultGroovyMethods.java:1372)
	at org.codehaus.groovy.runtime.dgm$149.invoke(Unknown Source)
	at org.codehaus.groovy.runtime.callsite.PojoMetaMethodSite$PojoMetaMethodSiteNoUnwrapNoCoerce.invoke(PojoMetaMethodSite.java:271)
	at org.codehaus.groovy.runtime.callsite.PojoMetaMethodSite.call(PojoMetaMethodSite.java:53)
	at org.codehaus.groovy.runtime.callsite.CallSiteArray.defaultCall(CallSiteArray.java:45)
	at org.codehaus.groovy.runtime.callsite.AbstractCallSite.call(AbstractCallSite.java:108)
	at org.codehaus.groovy.runtime.callsite.AbstractCallSite.call(AbstractCallSite.java:116)
	at grails.plugin.cucumber.Cucumber.run(Cucumber.groovy:58)
	at grails.plugin.cucumber.Cucumber$run$1.call(Unknown Source)
	at org.codehaus.groovy.runtime.callsite.CallSiteArray.defaultCall(CallSiteArray.java:45)
	at org.codehaus.groovy.runtime.callsite.AbstractCallSite.call(AbstractCallSite.java:108)
	at org.codehaus.groovy.runtime.callsite.AbstractCallSite.call(AbstractCallSite.java:116)
	at grails.plugin.cucumber.CucumberTestType.runFeatures(CucumberTestType.groovy:148)
	at grails.plugin.cucumber.CucumberTestType.this$3$runFeatures(CucumberTestType.groovy)
	at grails.plugin.cucumber.CucumberTestType$this$3$runFeatures$3.callCurrent(Unknown Source)
	at org.codehaus.groovy.runtime.callsite.CallSiteArray.defaultCallCurrent(CallSiteArray.java:49)
	at org.codehaus.groovy.runtime.callsite.AbstractCallSite.callCurrent(AbstractCallSite.java:133)
	at org.codehaus.groovy.runtime.callsite.AbstractCallSite.callCurrent(AbstractCallSite.java:141)
	at grails.plugin.cucumber.CucumberTestType.doRun(CucumberTestType.groovy:58)
	at org.codehaus.groovy.grails.test.support.GrailsTestTypeSupport.run(GrailsTestTypeSupport.groovy:121)
	at org.codehaus.groovy.grails.test.runner.GrailsProjectTestRunner.runTests(GrailsProjectTestRunner.groovy:415)
	at org.codehaus.groovy.grails.test.runner.GrailsProjectTestRunner.processTests(GrailsProjectTestRunner.groovy:395)
	at org.codehaus.groovy.reflection.CachedMethod.invoke(CachedMethod.java:90)
	at groovy.lang.MetaMethod.doMethodInvoke(MetaMethod.java:324)
	at groovy.lang.MetaClassImpl.invokeMethod(MetaClassImpl.java:1207)
	at groovy.lang.ExpandoMetaClass.invokeMethod(ExpandoMetaClass.java:1110)
	at groovy.lang.MetaClassImpl.invokeMethod(MetaClassImpl.java:1016)
	at groovy.lang.MetaClassImpl.invokeMethod(MetaClassImpl.java:1152)
	at groovy.lang.ExpandoMetaClass.invokeMethod(ExpandoMetaClass.java:1110)
	at groovy.lang.MetaClassImpl.invokeMethod(MetaClassImpl.java:1016)
	at org.codehaus.groovy.runtime.callsite.PogoMetaClassSite.callCurrent(PogoMetaClassSite.java:66)
	at org.codehaus.groovy.runtime.callsite.CallSiteArray.defaultCallCurrent(CallSiteArray.java:49)
	at org.codehaus.groovy.runtime.callsite.AbstractCallSite.callCurrent(AbstractCallSite.java:133)
	at org.codehaus.groovy.runtime.callsite.AbstractCallSite.callCurrent(AbstractCallSite.java:141)
	at org.codehaus.groovy.grails.test.runner.GrailsProjectTestRunner$_runAllTests_closure7.doCall(GrailsProjectTestRunner.groovy:313)
	at org.codehaus.groovy.reflection.CachedMethod.invoke(CachedMethod.java:90)
	at groovy.lang.MetaMethod.doMethodInvoke(MetaMethod.java:324)
	at groovy.lang.MetaClassImpl.invokeMethod(MetaClassImpl.java:1207)
	at groovy.lang.ExpandoMetaClass.invokeMethod(ExpandoMetaClass.java:1110)
	at groovy.lang.MetaClassImpl.invokeMethod(MetaClassImpl.java:1016)
	at groovy.lang.Closure.call(Closure.java:423)
	at org.codehaus.groovy.runtime.DefaultGroovyMethods.callClosureForMapEntry(DefaultGroovyMethods.java:4271)
	at org.codehaus.groovy.runtime.DefaultGroovyMethods.each(DefaultGroovyMethods.java:1408)
	at org.codehaus.groovy.runtime.dgm$151.invoke(Unknown Source)
	at org.codehaus.groovy.runtime.callsite.PojoMetaMethodSite$PojoMetaMethodSiteNoUnwrapNoCoerce.invoke(PojoMetaMethodSite.java:271)
	at org.codehaus.groovy.runtime.callsite.PojoMetaMethodSite.call(PojoMetaMethodSite.java:53)
	at org.codehaus.groovy.runtime.callsite.CallSiteArray.defaultCall(CallSiteArray.java:45)
	at org.codehaus.groovy.runtime.callsite.AbstractCallSite.call(AbstractCallSite.java:108)
	at org.codehaus.groovy.runtime.callsite.AbstractCallSite.call(AbstractCallSite.java:116)
	at org.codehaus.groovy.grails.test.runner.GrailsProjectTestRunner.runAllTests(GrailsProjectTestRunner.groovy:299)
	at org.codehaus.groovy.grails.test.runner.GrailsProjectTestRunner.runAllTests(GrailsProjectTestRunner.groovy:214)
	at org.codehaus.groovy.grails.test.runner.GrailsProjectTestRunner.runAllTests(GrailsProjectTestRunner.groovy)
	at org.codehaus.groovy.grails.test.runner.GrailsProjectTestRunner$runAllTests$0.call(Unknown Source)
	at org.codehaus.groovy.runtime.callsite.CallSiteArray.defaultCall(CallSiteArray.java:45)
	at org.codehaus.groovy.runtime.callsite.AbstractCallSite.call(AbstractCallSite.java:108)
	at org.codehaus.groovy.runtime.callsite.AbstractCallSite.call(AbstractCallSite.java:116)
</failure>
    <failure message="Undefined Step: Then o sistema irá atualizar o político" type="grails.plugin.cucumber.FakeAssertionFailedError">cucumber.runtime.UndefinedStepException: Undefined Step: Then o sistema irá atualizar o político
	at java.lang.reflect.Constructor.newInstance(Constructor.java:526)
	at org.codehaus.groovy.reflection.CachedConstructor.invoke(CachedConstructor.java:77)
	at org.codehaus.groovy.runtime.callsite.ConstructorSite$ConstructorSiteNoUnwrapNoCoerce.callConstructor(ConstructorSite.java:102)
	at org.codehaus.groovy.runtime.callsite.AbstractCallSite.callConstructor(AbstractCallSite.java:190)
	at grails.plugin.cucumber.CucumberFormatter.resultUndefined(CucumberFormatter.groovy:250)
	at grails.plugin.cucumber.CucumberFormatter.result(CucumberFormatter.groovy:215)
	at cucumber.runtime.Utils$1.call(Utils.java:37)
	at cucumber.runtime.Timeout.timeout(Timeout.java:13)
	at cucumber.runtime.Utils.invoke(Utils.java:31)
	at cucumber.runtime.RuntimeOptions$1.invoke(RuntimeOptions.java:243)
	at com.sun.proxy.$Proxy42.result(Unknown Source)
	at cucumber.runtime.Runtime.runStep(Runtime.java:280)
	at cucumber.runtime.model.StepContainer.runStep(StepContainer.java:44)
	at cucumber.runtime.model.StepContainer.runSteps(StepContainer.java:39)
	at cucumber.runtime.model.CucumberScenario.run(CucumberScenario.java:48)
	at cucumber.runtime.model.CucumberFeature.run(CucumberFeature.java:163)
	at cucumber.runtime.model.CucumberFeature$run$0.call(Unknown Source)
	at grails.plugin.cucumber.Cucumber$_run_closure2.doCall(Cucumber.groovy:59)
	at org.codehaus.groovy.reflection.CachedMethod.invoke(CachedMethod.java:90)
	at groovy.lang.MetaMethod.doMethodInvoke(MetaMethod.java:324)
	at groovy.lang.MetaClassImpl.invokeMethod(MetaClassImpl.java:1207)
	at groovy.lang.ExpandoMetaClass.invokeMethod(ExpandoMetaClass.java:1110)
	at groovy.lang.MetaClassImpl.invokeMethod(MetaClassImpl.java:1016)
	at groovy.lang.Closure.call(Closure.java:423)
	at groovy.lang.Closure.call(Closure.java:439)
	at org.codehaus.groovy.runtime.DefaultGroovyMethods.each(DefaultGroovyMethods.java:1379)
	at org.codehaus.groovy.runtime.DefaultGroovyMethods.each(DefaultGroovyMethods.java:1372)
	at org.codehaus.groovy.runtime.dgm$149.invoke(Unknown Source)
	at org.codehaus.groovy.runtime.callsite.PojoMetaMethodSite$PojoMetaMethodSiteNoUnwrapNoCoerce.invoke(PojoMetaMethodSite.java:271)
	at org.codehaus.groovy.runtime.callsite.PojoMetaMethodSite.call(PojoMetaMethodSite.java:53)
	at org.codehaus.groovy.runtime.callsite.CallSiteArray.defaultCall(CallSiteArray.java:45)
	at org.codehaus.groovy.runtime.callsite.AbstractCallSite.call(AbstractCallSite.java:108)
	at org.codehaus.groovy.runtime.callsite.AbstractCallSite.call(AbstractCallSite.java:116)
	at grails.plugin.cucumber.Cucumber.run(Cucumber.groovy:58)
	at grails.plugin.cucumber.Cucumber$run$1.call(Unknown Source)
	at org.codehaus.groovy.runtime.callsite.CallSiteArray.defaultCall(CallSiteArray.java:45)
	at org.codehaus.groovy.runtime.callsite.AbstractCallSite.call(AbstractCallSite.java:108)
	at org.codehaus.groovy.runtime.callsite.AbstractCallSite.call(AbstractCallSite.java:116)
	at grails.plugin.cucumber.CucumberTestType.runFeatures(CucumberTestType.groovy:148)
	at grails.plugin.cucumber.CucumberTestType.this$3$runFeatures(CucumberTestType.groovy)
	at grails.plugin.cucumber.CucumberTestType$this$3$runFeatures$3.callCurrent(Unknown Source)
	at org.codehaus.groovy.runtime.callsite.CallSiteArray.defaultCallCurrent(CallSiteArray.java:49)
	at org.codehaus.groovy.runtime.callsite.AbstractCallSite.callCurrent(AbstractCallSite.java:133)
	at org.codehaus.groovy.runtime.callsite.AbstractCallSite.callCurrent(AbstractCallSite.java:141)
	at grails.plugin.cucumber.CucumberTestType.doRun(CucumberTestType.groovy:58)
	at org.codehaus.groovy.grails.test.support.GrailsTestTypeSupport.run(GrailsTestTypeSupport.groovy:121)
	at org.codehaus.groovy.grails.test.runner.GrailsProjectTestRunner.runTests(GrailsProjectTestRunner.groovy:415)
	at org.codehaus.groovy.grails.test.runner.GrailsProjectTestRunner.processTests(GrailsProjectTestRunner.groovy:395)
	at org.codehaus.groovy.reflection.CachedMethod.invoke(CachedMethod.java:90)
	at groovy.lang.MetaMethod.doMethodInvoke(MetaMethod.java:324)
	at groovy.lang.MetaClassImpl.invokeMethod(MetaClassImpl.java:1207)
	at groovy.lang.ExpandoMetaClass.invokeMethod(ExpandoMetaClass.java:1110)
	at groovy.lang.MetaClassImpl.invokeMethod(MetaClassImpl.java:1016)
	at groovy.lang.MetaClassImpl.invokeMethod(MetaClassImpl.java:1152)
	at groovy.lang.ExpandoMetaClass.invokeMethod(ExpandoMetaClass.java:1110)
	at groovy.lang.MetaClassImpl.invokeMethod(MetaClassImpl.java:1016)
	at org.codehaus.groovy.runtime.callsite.PogoMetaClassSite.callCurrent(PogoMetaClassSite.java:66)
	at org.codehaus.groovy.runtime.callsite.CallSiteArray.defaultCallCurrent(CallSiteArray.java:49)
	at org.codehaus.groovy.runtime.callsite.AbstractCallSite.callCurrent(AbstractCallSite.java:133)
	at org.codehaus.groovy.runtime.callsite.AbstractCallSite.callCurrent(AbstractCallSite.java:141)
	at org.codehaus.groovy.grails.test.runner.GrailsProjectTestRunner$_runAllTests_closure7.doCall(GrailsProjectTestRunner.groovy:313)
	at org.codehaus.groovy.reflection.CachedMethod.invoke(CachedMethod.java:90)
	at groovy.lang.MetaMethod.doMethodInvoke(MetaMethod.java:324)
	at groovy.lang.MetaClassImpl.invokeMethod(MetaClassImpl.java:1207)
	at groovy.lang.ExpandoMetaClass.invokeMethod(ExpandoMetaClass.java:1110)
	at groovy.lang.MetaClassImpl.invokeMethod(MetaClassImpl.java:1016)
	at groovy.lang.Closure.call(Closure.java:423)
	at org.codehaus.groovy.runtime.DefaultGroovyMethods.callClosureForMapEntry(DefaultGroovyMethods.java:4271)
	at org.codehaus.groovy.runtime.DefaultGroovyMethods.each(DefaultGroovyMethods.java:1408)
	at org.codehaus.groovy.runtime.dgm$151.invoke(Unknown Source)
	at org.codehaus.groovy.runtime.callsite.PojoMetaMethodSite$PojoMetaMethodSiteNoUnwrapNoCoerce.invoke(PojoMetaMethodSite.java:271)
	at org.codehaus.groovy.runtime.callsite.PojoMetaMethodSite.call(PojoMetaMethodSite.java:53)
	at org.codehaus.groovy.runtime.callsite.CallSiteArray.defaultCall(CallSiteArray.java:45)
	at org.codehaus.groovy.runtime.callsite.AbstractCallSite.call(AbstractCallSite.java:108)
	at org.codehaus.groovy.runtime.callsite.AbstractCallSite.call(AbstractCallSite.java:116)
	at org.codehaus.groovy.grails.test.runner.GrailsProjectTestRunner.runAllTests(GrailsProjectTestRunner.groovy:299)
	at org.codehaus.groovy.grails.test.runner.GrailsProjectTestRunner.runAllTests(GrailsProjectTestRunner.groovy:214)
	at org.codehaus.groovy.grails.test.runner.GrailsProjectTestRunner.runAllTests(GrailsProjectTestRunner.groovy)
	at org.codehaus.groovy.grails.test.runner.GrailsProjectTestRunner$runAllTests$0.call(Unknown Source)
	at org.codehaus.groovy.runtime.callsite.CallSiteArray.defaultCall(CallSiteArray.java:45)
	at org.codehaus.groovy.runtime.callsite.AbstractCallSite.call(AbstractCallSite.java:108)
	at org.codehaus.groovy.runtime.callsite.AbstractCallSite.call(AbstractCallSite.java:116)
</failure>
  </testcase>
  <testcase classname="grails.plugin.cucumber.CucumberTest" name="Remover político existente" time="0.089">
    <failure message="Undefined Step: Given o sistema tem um político com nome “Eduardo” e CPF &quot;01234567890”" type="grails.plugin.cucumber.FakeAssertionFailedError">cucumber.runtime.UndefinedStepException: Undefined Step: Given o sistema tem um político com nome “Eduardo” e CPF &quot;01234567890”
	at java.lang.reflect.Constructor.newInstance(Constructor.java:526)
	at org.codehaus.groovy.reflection.CachedConstructor.invoke(CachedConstructor.java:77)
	at org.codehaus.groovy.runtime.callsite.ConstructorSite$ConstructorSiteNoUnwrapNoCoerce.callConstructor(ConstructorSite.java:102)
	at org.codehaus.groovy.runtime.callsite.AbstractCallSite.callConstructor(AbstractCallSite.java:190)
	at grails.plugin.cucumber.CucumberFormatter.resultUndefined(CucumberFormatter.groovy:250)
	at grails.plugin.cucumber.CucumberFormatter.result(CucumberFormatter.groovy:215)
	at cucumber.runtime.Utils$1.call(Utils.java:37)
	at cucumber.runtime.Timeout.timeout(Timeout.java:13)
	at cucumber.runtime.Utils.invoke(Utils.java:31)
	at cucumber.runtime.RuntimeOptions$1.invoke(RuntimeOptions.java:243)
	at com.sun.proxy.$Proxy42.result(Unknown Source)
	at cucumber.runtime.Runtime.runStep(Runtime.java:280)
	at cucumber.runtime.model.StepContainer.runStep(StepContainer.java:44)
	at cucumber.runtime.model.StepContainer.runSteps(StepContainer.java:39)
	at cucumber.runtime.model.CucumberScenario.run(CucumberScenario.java:48)
	at cucumber.runtime.model.CucumberFeature.run(CucumberFeature.java:163)
	at cucumber.runtime.model.CucumberFeature$run$0.call(Unknown Source)
	at grails.plugin.cucumber.Cucumber$_run_closure2.doCall(Cucumber.groovy:59)
	at org.codehaus.groovy.reflection.CachedMethod.invoke(CachedMethod.java:90)
	at groovy.lang.MetaMethod.doMethodInvoke(MetaMethod.java:324)
	at groovy.lang.MetaClassImpl.invokeMethod(MetaClassImpl.java:1207)
	at groovy.lang.ExpandoMetaClass.invokeMethod(ExpandoMetaClass.java:1110)
	at groovy.lang.MetaClassImpl.invokeMethod(MetaClassImpl.java:1016)
	at groovy.lang.Closure.call(Closure.java:423)
	at groovy.lang.Closure.call(Closure.java:439)
	at org.codehaus.groovy.runtime.DefaultGroovyMethods.each(DefaultGroovyMethods.java:1379)
	at org.codehaus.groovy.runtime.DefaultGroovyMethods.each(DefaultGroovyMethods.java:1372)
	at org.codehaus.groovy.runtime.dgm$149.invoke(Unknown Source)
	at org.codehaus.groovy.runtime.callsite.PojoMetaMethodSite$PojoMetaMethodSiteNoUnwrapNoCoerce.invoke(PojoMetaMethodSite.java:271)
	at org.codehaus.groovy.runtime.callsite.PojoMetaMethodSite.call(PojoMetaMethodSite.java:53)
	at org.codehaus.groovy.runtime.callsite.CallSiteArray.defaultCall(CallSiteArray.java:45)
	at org.codehaus.groovy.runtime.callsite.AbstractCallSite.call(AbstractCallSite.java:108)
	at org.codehaus.groovy.runtime.callsite.AbstractCallSite.call(AbstractCallSite.java:116)
	at grails.plugin.cucumber.Cucumber.run(Cucumber.groovy:58)
	at grails.plugin.cucumber.Cucumber$run$1.call(Unknown Source)
	at org.codehaus.groovy.runtime.callsite.CallSiteArray.defaultCall(CallSiteArray.java:45)
	at org.codehaus.groovy.runtime.callsite.AbstractCallSite.call(AbstractCallSite.java:108)
	at org.codehaus.groovy.runtime.callsite.AbstractCallSite.call(AbstractCallSite.java:116)
	at grails.plugin.cucumber.CucumberTestType.runFeatures(CucumberTestType.groovy:148)
	at grails.plugin.cucumber.CucumberTestType.this$3$runFeatures(CucumberTestType.groovy)
	at grails.plugin.cucumber.CucumberTestType$this$3$runFeatures$3.callCurrent(Unknown Source)
	at org.codehaus.groovy.runtime.callsite.CallSiteArray.defaultCallCurrent(CallSiteArray.java:49)
	at org.codehaus.groovy.runtime.callsite.AbstractCallSite.callCurrent(AbstractCallSite.java:133)
	at org.codehaus.groovy.runtime.callsite.AbstractCallSite.callCurrent(AbstractCallSite.java:141)
	at grails.plugin.cucumber.CucumberTestType.doRun(CucumberTestType.groovy:58)
	at org.codehaus.groovy.grails.test.support.GrailsTestTypeSupport.run(GrailsTestTypeSupport.groovy:121)
	at org.codehaus.groovy.grails.test.runner.GrailsProjectTestRunner.runTests(GrailsProjectTestRunner.groovy:415)
	at org.codehaus.groovy.grails.test.runner.GrailsProjectTestRunner.processTests(GrailsProjectTestRunner.groovy:395)
	at org.codehaus.groovy.reflection.CachedMethod.invoke(CachedMethod.java:90)
	at groovy.lang.MetaMethod.doMethodInvoke(MetaMethod.java:324)
	at groovy.lang.MetaClassImpl.invokeMethod(MetaClassImpl.java:1207)
	at groovy.lang.ExpandoMetaClass.invokeMethod(ExpandoMetaClass.java:1110)
	at groovy.lang.MetaClassImpl.invokeMethod(MetaClassImpl.java:1016)
	at groovy.lang.MetaClassImpl.invokeMethod(MetaClassImpl.java:1152)
	at groovy.lang.ExpandoMetaClass.invokeMethod(ExpandoMetaClass.java:1110)
	at groovy.lang.MetaClassImpl.invokeMethod(MetaClassImpl.java:1016)
	at org.codehaus.groovy.runtime.callsite.PogoMetaClassSite.callCurrent(PogoMetaClassSite.java:66)
	at org.codehaus.groovy.runtime.callsite.CallSiteArray.defaultCallCurrent(CallSiteArray.java:49)
	at org.codehaus.groovy.runtime.callsite.AbstractCallSite.callCurrent(AbstractCallSite.java:133)
	at org.codehaus.groovy.runtime.callsite.AbstractCallSite.callCurrent(AbstractCallSite.java:141)
	at org.codehaus.groovy.grails.test.runner.GrailsProjectTestRunner$_runAllTests_closure7.doCall(GrailsProjectTestRunner.groovy:313)
	at org.codehaus.groovy.reflection.CachedMethod.invoke(CachedMethod.java:90)
	at groovy.lang.MetaMethod.doMethodInvoke(MetaMethod.java:324)
	at groovy.lang.MetaClassImpl.invokeMethod(MetaClassImpl.java:1207)
	at groovy.lang.ExpandoMetaClass.invokeMethod(ExpandoMetaClass.java:1110)
	at groovy.lang.MetaClassImpl.invokeMethod(MetaClassImpl.java:1016)
	at groovy.lang.Closure.call(Closure.java:423)
	at org.codehaus.groovy.runtime.DefaultGroovyMethods.callClosureForMapEntry(DefaultGroovyMethods.java:4271)
	at org.codehaus.groovy.runtime.DefaultGroovyMethods.each(DefaultGroovyMethods.java:1408)
	at org.codehaus.groovy.runtime.dgm$151.invoke(Unknown Source)
	at org.codehaus.groovy.runtime.callsite.PojoMetaMethodSite$PojoMetaMethodSiteNoUnwrapNoCoerce.invoke(PojoMetaMethodSite.java:271)
	at org.codehaus.groovy.runtime.callsite.PojoMetaMethodSite.call(PojoMetaMethodSite.java:53)
	at org.codehaus.groovy.runtime.callsite.CallSiteArray.defaultCall(CallSiteArray.java:45)
	at org.codehaus.groovy.runtime.callsite.AbstractCallSite.call(AbstractCallSite.java:108)
	at org.codehaus.groovy.runtime.callsite.AbstractCallSite.call(AbstractCallSite.java:116)
	at org.codehaus.groovy.grails.test.runner.GrailsProjectTestRunner.runAllTests(GrailsProjectTestRunner.groovy:299)
	at org.codehaus.groovy.grails.test.runner.GrailsProjectTestRunner.runAllTests(GrailsProjectTestRunner.groovy:214)
	at org.codehaus.groovy.grails.test.runner.GrailsProjectTestRunner.runAllTests(GrailsProjectTestRunner.groovy)
	at org.codehaus.groovy.grails.test.runner.GrailsProjectTestRunner$runAllTests$0.call(Unknown Source)
	at org.codehaus.groovy.runtime.callsite.CallSiteArray.defaultCall(CallSiteArray.java:45)
	at org.codehaus.groovy.runtime.callsite.AbstractCallSite.call(AbstractCallSite.java:108)
	at org.codehaus.groovy.runtime.callsite.AbstractCallSite.call(AbstractCallSite.java:116)
</failure>
    <failure message="Undefined Step: When eu tentar remover o político com o nome “Eduardo” e CPF “01234567890”" type="grails.plugin.cucumber.FakeAssertionFailedError">cucumber.runtime.UndefinedStepException: Undefined Step: When eu tentar remover o político com o nome “Eduardo” e CPF “01234567890”
	at java.lang.reflect.Constructor.newInstance(Constructor.java:526)
	at org.codehaus.groovy.reflection.CachedConstructor.invoke(CachedConstructor.java:77)
	at org.codehaus.groovy.runtime.callsite.ConstructorSite$ConstructorSiteNoUnwrapNoCoerce.callConstructor(ConstructorSite.java:102)
	at org.codehaus.groovy.runtime.callsite.AbstractCallSite.callConstructor(AbstractCallSite.java:190)
	at grails.plugin.cucumber.CucumberFormatter.resultUndefined(CucumberFormatter.groovy:250)
	at grails.plugin.cucumber.CucumberFormatter.result(CucumberFormatter.groovy:215)
	at cucumber.runtime.Utils$1.call(Utils.java:37)
	at cucumber.runtime.Timeout.timeout(Timeout.java:13)
	at cucumber.runtime.Utils.invoke(Utils.java:31)
	at cucumber.runtime.RuntimeOptions$1.invoke(RuntimeOptions.java:243)
	at com.sun.proxy.$Proxy42.result(Unknown Source)
	at cucumber.runtime.Runtime.runStep(Runtime.java:280)
	at cucumber.runtime.model.StepContainer.runStep(StepContainer.java:44)
	at cucumber.runtime.model.StepContainer.runSteps(StepContainer.java:39)
	at cucumber.runtime.model.CucumberScenario.run(CucumberScenario.java:48)
	at cucumber.runtime.model.CucumberFeature.run(CucumberFeature.java:163)
	at cucumber.runtime.model.CucumberFeature$run$0.call(Unknown Source)
	at grails.plugin.cucumber.Cucumber$_run_closure2.doCall(Cucumber.groovy:59)
	at org.codehaus.groovy.reflection.CachedMethod.invoke(CachedMethod.java:90)
	at groovy.lang.MetaMethod.doMethodInvoke(MetaMethod.java:324)
	at groovy.lang.MetaClassImpl.invokeMethod(MetaClassImpl.java:1207)
	at groovy.lang.ExpandoMetaClass.invokeMethod(ExpandoMetaClass.java:1110)
	at groovy.lang.MetaClassImpl.invokeMethod(MetaClassImpl.java:1016)
	at groovy.lang.Closure.call(Closure.java:423)
	at groovy.lang.Closure.call(Closure.java:439)
	at org.codehaus.groovy.runtime.DefaultGroovyMethods.each(DefaultGroovyMethods.java:1379)
	at org.codehaus.groovy.runtime.DefaultGroovyMethods.each(DefaultGroovyMethods.java:1372)
	at org.codehaus.groovy.runtime.dgm$149.invoke(Unknown Source)
	at org.codehaus.groovy.runtime.callsite.PojoMetaMethodSite$PojoMetaMethodSiteNoUnwrapNoCoerce.invoke(PojoMetaMethodSite.java:271)
	at org.codehaus.groovy.runtime.callsite.PojoMetaMethodSite.call(PojoMetaMethodSite.java:53)
	at org.codehaus.groovy.runtime.callsite.CallSiteArray.defaultCall(CallSiteArray.java:45)
	at org.codehaus.groovy.runtime.callsite.AbstractCallSite.call(AbstractCallSite.java:108)
	at org.codehaus.groovy.runtime.callsite.AbstractCallSite.call(AbstractCallSite.java:116)
	at grails.plugin.cucumber.Cucumber.run(Cucumber.groovy:58)
	at grails.plugin.cucumber.Cucumber$run$1.call(Unknown Source)
	at org.codehaus.groovy.runtime.callsite.CallSiteArray.defaultCall(CallSiteArray.java:45)
	at org.codehaus.groovy.runtime.callsite.AbstractCallSite.call(AbstractCallSite.java:108)
	at org.codehaus.groovy.runtime.callsite.AbstractCallSite.call(AbstractCallSite.java:116)
	at grails.plugin.cucumber.CucumberTestType.runFeatures(CucumberTestType.groovy:148)
	at grails.plugin.cucumber.CucumberTestType.this$3$runFeatures(CucumberTestType.groovy)
	at grails.plugin.cucumber.CucumberTestType$this$3$runFeatures$3.callCurrent(Unknown Source)
	at org.codehaus.groovy.runtime.callsite.CallSiteArray.defaultCallCurrent(CallSiteArray.java:49)
	at org.codehaus.groovy.runtime.callsite.AbstractCallSite.callCurrent(AbstractCallSite.java:133)
	at org.codehaus.groovy.runtime.callsite.AbstractCallSite.callCurrent(AbstractCallSite.java:141)
	at grails.plugin.cucumber.CucumberTestType.doRun(CucumberTestType.groovy:58)
	at org.codehaus.groovy.grails.test.support.GrailsTestTypeSupport.run(GrailsTestTypeSupport.groovy:121)
	at org.codehaus.groovy.grails.test.runner.GrailsProjectTestRunner.runTests(GrailsProjectTestRunner.groovy:415)
	at org.codehaus.groovy.grails.test.runner.GrailsProjectTestRunner.processTests(GrailsProjectTestRunner.groovy:395)
	at org.codehaus.groovy.reflection.CachedMethod.invoke(CachedMethod.java:90)
	at groovy.lang.MetaMethod.doMethodInvoke(MetaMethod.java:324)
	at groovy.lang.MetaClassImpl.invokeMethod(MetaClassImpl.java:1207)
	at groovy.lang.ExpandoMetaClass.invokeMethod(ExpandoMetaClass.java:1110)
	at groovy.lang.MetaClassImpl.invokeMethod(MetaClassImpl.java:1016)
	at groovy.lang.MetaClassImpl.invokeMethod(MetaClassImpl.java:1152)
	at groovy.lang.ExpandoMetaClass.invokeMethod(ExpandoMetaClass.java:1110)
	at groovy.lang.MetaClassImpl.invokeMethod(MetaClassImpl.java:1016)
	at org.codehaus.groovy.runtime.callsite.PogoMetaClassSite.callCurrent(PogoMetaClassSite.java:66)
	at org.codehaus.groovy.runtime.callsite.CallSiteArray.defaultCallCurrent(CallSiteArray.java:49)
	at org.codehaus.groovy.runtime.callsite.AbstractCallSite.callCurrent(AbstractCallSite.java:133)
	at org.codehaus.groovy.runtime.callsite.AbstractCallSite.callCurrent(AbstractCallSite.java:141)
	at org.codehaus.groovy.grails.test.runner.GrailsProjectTestRunner$_runAllTests_closure7.doCall(GrailsProjectTestRunner.groovy:313)
	at org.codehaus.groovy.reflection.CachedMethod.invoke(CachedMethod.java:90)
	at groovy.lang.MetaMethod.doMethodInvoke(MetaMethod.java:324)
	at groovy.lang.MetaClassImpl.invokeMethod(MetaClassImpl.java:1207)
	at groovy.lang.ExpandoMetaClass.invokeMethod(ExpandoMetaClass.java:1110)
	at groovy.lang.MetaClassImpl.invokeMethod(MetaClassImpl.java:1016)
	at groovy.lang.Closure.call(Closure.java:423)
	at org.codehaus.groovy.runtime.DefaultGroovyMethods.callClosureForMapEntry(DefaultGroovyMethods.java:4271)
	at org.codehaus.groovy.runtime.DefaultGroovyMethods.each(DefaultGroovyMethods.java:1408)
	at org.codehaus.groovy.runtime.dgm$151.invoke(Unknown Source)
	at org.codehaus.groovy.runtime.callsite.PojoMetaMethodSite$PojoMetaMethodSiteNoUnwrapNoCoerce.invoke(PojoMetaMethodSite.java:271)
	at org.codehaus.groovy.runtime.callsite.PojoMetaMethodSite.call(PojoMetaMethodSite.java:53)
	at org.codehaus.groovy.runtime.callsite.CallSiteArray.defaultCall(CallSiteArray.java:45)
	at org.codehaus.groovy.runtime.callsite.AbstractCallSite.call(AbstractCallSite.java:108)
	at org.codehaus.groovy.runtime.callsite.AbstractCallSite.call(AbstractCallSite.java:116)
	at org.codehaus.groovy.grails.test.runner.GrailsProjectTestRunner.runAllTests(GrailsProjectTestRunner.groovy:299)
	at org.codehaus.groovy.grails.test.runner.GrailsProjectTestRunner.runAllTests(GrailsProjectTestRunner.groovy:214)
	at org.codehaus.groovy.grails.test.runner.GrailsProjectTestRunner.runAllTests(GrailsProjectTestRunner.groovy)
	at org.codehaus.groovy.grails.test.runner.GrailsProjectTestRunner$runAllTests$0.call(Unknown Source)
	at org.codehaus.groovy.runtime.callsite.CallSiteArray.defaultCall(CallSiteArray.java:45)
	at org.codehaus.groovy.runtime.callsite.AbstractCallSite.call(AbstractCallSite.java:108)
	at org.codehaus.groovy.runtime.callsite.AbstractCallSite.call(AbstractCallSite.java:116)
</failure>
    <failure message="Undefined Step: Then o sistema ira mostrar a mensagem politico &quot;Eduardo&quot; de CPF “01234567890” removido com sucesso" type="grails.plugin.cucumber.FakeAssertionFailedError">cucumber.runtime.UndefinedStepException: Undefined Step: Then o sistema ira mostrar a mensagem politico &quot;Eduardo&quot; de CPF “01234567890” removido com sucesso
	at java.lang.reflect.Constructor.newInstance(Constructor.java:526)
	at org.codehaus.groovy.reflection.CachedConstructor.invoke(CachedConstructor.java:77)
	at org.codehaus.groovy.runtime.callsite.ConstructorSite$ConstructorSiteNoUnwrapNoCoerce.callConstructor(ConstructorSite.java:102)
	at org.codehaus.groovy.runtime.callsite.AbstractCallSite.callConstructor(AbstractCallSite.java:190)
	at grails.plugin.cucumber.CucumberFormatter.resultUndefined(CucumberFormatter.groovy:250)
	at grails.plugin.cucumber.CucumberFormatter.result(CucumberFormatter.groovy:215)
	at cucumber.runtime.Utils$1.call(Utils.java:37)
	at cucumber.runtime.Timeout.timeout(Timeout.java:13)
	at cucumber.runtime.Utils.invoke(Utils.java:31)
	at cucumber.runtime.RuntimeOptions$1.invoke(RuntimeOptions.java:243)
	at com.sun.proxy.$Proxy42.result(Unknown Source)
	at cucumber.runtime.Runtime.runStep(Runtime.java:280)
	at cucumber.runtime.model.StepContainer.runStep(StepContainer.java:44)
	at cucumber.runtime.model.StepContainer.runSteps(StepContainer.java:39)
	at cucumber.runtime.model.CucumberScenario.run(CucumberScenario.java:48)
	at cucumber.runtime.model.CucumberFeature.run(CucumberFeature.java:163)
	at cucumber.runtime.model.CucumberFeature$run$0.call(Unknown Source)
	at grails.plugin.cucumber.Cucumber$_run_closure2.doCall(Cucumber.groovy:59)
	at org.codehaus.groovy.reflection.CachedMethod.invoke(CachedMethod.java:90)
	at groovy.lang.MetaMethod.doMethodInvoke(MetaMethod.java:324)
	at groovy.lang.MetaClassImpl.invokeMethod(MetaClassImpl.java:1207)
	at groovy.lang.ExpandoMetaClass.invokeMethod(ExpandoMetaClass.java:1110)
	at groovy.lang.MetaClassImpl.invokeMethod(MetaClassImpl.java:1016)
	at groovy.lang.Closure.call(Closure.java:423)
	at groovy.lang.Closure.call(Closure.java:439)
	at org.codehaus.groovy.runtime.DefaultGroovyMethods.each(DefaultGroovyMethods.java:1379)
	at org.codehaus.groovy.runtime.DefaultGroovyMethods.each(DefaultGroovyMethods.java:1372)
	at org.codehaus.groovy.runtime.dgm$149.invoke(Unknown Source)
	at org.codehaus.groovy.runtime.callsite.PojoMetaMethodSite$PojoMetaMethodSiteNoUnwrapNoCoerce.invoke(PojoMetaMethodSite.java:271)
	at org.codehaus.groovy.runtime.callsite.PojoMetaMethodSite.call(PojoMetaMethodSite.java:53)
	at org.codehaus.groovy.runtime.callsite.CallSiteArray.defaultCall(CallSiteArray.java:45)
	at org.codehaus.groovy.runtime.callsite.AbstractCallSite.call(AbstractCallSite.java:108)
	at org.codehaus.groovy.runtime.callsite.AbstractCallSite.call(AbstractCallSite.java:116)
	at grails.plugin.cucumber.Cucumber.run(Cucumber.groovy:58)
	at grails.plugin.cucumber.Cucumber$run$1.call(Unknown Source)
	at org.codehaus.groovy.runtime.callsite.CallSiteArray.defaultCall(CallSiteArray.java:45)
	at org.codehaus.groovy.runtime.callsite.AbstractCallSite.call(AbstractCallSite.java:108)
	at org.codehaus.groovy.runtime.callsite.AbstractCallSite.call(AbstractCallSite.java:116)
	at grails.plugin.cucumber.CucumberTestType.runFeatures(CucumberTestType.groovy:148)
	at grails.plugin.cucumber.CucumberTestType.this$3$runFeatures(CucumberTestType.groovy)
	at grails.plugin.cucumber.CucumberTestType$this$3$runFeatures$3.callCurrent(Unknown Source)
	at org.codehaus.groovy.runtime.callsite.CallSiteArray.defaultCallCurrent(CallSiteArray.java:49)
	at org.codehaus.groovy.runtime.callsite.AbstractCallSite.callCurrent(AbstractCallSite.java:133)
	at org.codehaus.groovy.runtime.callsite.AbstractCallSite.callCurrent(AbstractCallSite.java:141)
	at grails.plugin.cucumber.CucumberTestType.doRun(CucumberTestType.groovy:58)
	at org.codehaus.groovy.grails.test.support.GrailsTestTypeSupport.run(GrailsTestTypeSupport.groovy:121)
	at org.codehaus.groovy.grails.test.runner.GrailsProjectTestRunner.runTests(GrailsProjectTestRunner.groovy:415)
	at org.codehaus.groovy.grails.test.runner.GrailsProjectTestRunner.processTests(GrailsProjectTestRunner.groovy:395)
	at org.codehaus.groovy.reflection.CachedMethod.invoke(CachedMethod.java:90)
	at groovy.lang.MetaMethod.doMethodInvoke(MetaMethod.java:324)
	at groovy.lang.MetaClassImpl.invokeMethod(MetaClassImpl.java:1207)
	at groovy.lang.ExpandoMetaClass.invokeMethod(ExpandoMetaClass.java:1110)
	at groovy.lang.MetaClassImpl.invokeMethod(MetaClassImpl.java:1016)
	at groovy.lang.MetaClassImpl.invokeMethod(MetaClassImpl.java:1152)
	at groovy.lang.ExpandoMetaClass.invokeMethod(ExpandoMetaClass.java:1110)
	at groovy.lang.MetaClassImpl.invokeMethod(MetaClassImpl.java:1016)
	at org.codehaus.groovy.runtime.callsite.PogoMetaClassSite.callCurrent(PogoMetaClassSite.java:66)
	at org.codehaus.groovy.runtime.callsite.CallSiteArray.defaultCallCurrent(CallSiteArray.java:49)
	at org.codehaus.groovy.runtime.callsite.AbstractCallSite.callCurrent(AbstractCallSite.java:133)
	at org.codehaus.groovy.runtime.callsite.AbstractCallSite.callCurrent(AbstractCallSite.java:141)
	at org.codehaus.groovy.grails.test.runner.GrailsProjectTestRunner$_runAllTests_closure7.doCall(GrailsProjectTestRunner.groovy:313)
	at org.codehaus.groovy.reflection.CachedMethod.invoke(CachedMethod.java:90)
	at groovy.lang.MetaMethod.doMethodInvoke(MetaMethod.java:324)
	at groovy.lang.MetaClassImpl.invokeMethod(MetaClassImpl.java:1207)
	at groovy.lang.ExpandoMetaClass.invokeMethod(ExpandoMetaClass.java:1110)
	at groovy.lang.MetaClassImpl.invokeMethod(MetaClassImpl.java:1016)
	at groovy.lang.Closure.call(Closure.java:423)
	at org.codehaus.groovy.runtime.DefaultGroovyMethods.callClosureForMapEntry(DefaultGroovyMethods.java:4271)
	at org.codehaus.groovy.runtime.DefaultGroovyMethods.each(DefaultGroovyMethods.java:1408)
	at org.codehaus.groovy.runtime.dgm$151.invoke(Unknown Source)
	at org.codehaus.groovy.runtime.callsite.PojoMetaMethodSite$PojoMetaMethodSiteNoUnwrapNoCoerce.invoke(PojoMetaMethodSite.java:271)
	at org.codehaus.groovy.runtime.callsite.PojoMetaMethodSite.call(PojoMetaMethodSite.java:53)
	at org.codehaus.groovy.runtime.callsite.CallSiteArray.defaultCall(CallSiteArray.java:45)
	at org.codehaus.groovy.runtime.callsite.AbstractCallSite.call(AbstractCallSite.java:108)
	at org.codehaus.groovy.runtime.callsite.AbstractCallSite.call(AbstractCallSite.java:116)
	at org.codehaus.groovy.grails.test.runner.GrailsProjectTestRunner.runAllTests(GrailsProjectTestRunner.groovy:299)
	at org.codehaus.groovy.grails.test.runner.GrailsProjectTestRunner.runAllTests(GrailsProjectTestRunner.groovy:214)
	at org.codehaus.groovy.grails.test.runner.GrailsProjectTestRunner.runAllTests(GrailsProjectTestRunner.groovy)
	at org.codehaus.groovy.grails.test.runner.GrailsProjectTestRunner$runAllTests$0.call(Unknown Source)
	at org.codehaus.groovy.runtime.callsite.CallSiteArray.defaultCall(CallSiteArray.java:45)
	at org.codehaus.groovy.runtime.callsite.AbstractCallSite.call(AbstractCallSite.java:108)
	at org.codehaus.groovy.runtime.callsite.AbstractCallSite.call(AbstractCallSite.java:116)
</failure>
  </testcase>
  <testcase classname="grails.plugin.cucumber.CucumberTest" name="Novo político" time="0.096">
    <failure message="Undefined Step: Given que eu estou no menu “Políticos”" type="grails.plugin.cucumber.FakeAssertionFailedError">cucumber.runtime.UndefinedStepException: Undefined Step: Given que eu estou no menu “Políticos”
	at java.lang.reflect.Constructor.newInstance(Constructor.java:526)
	at org.codehaus.groovy.reflection.CachedConstructor.invoke(CachedConstructor.java:77)
	at org.codehaus.groovy.runtime.callsite.ConstructorSite$ConstructorSiteNoUnwrapNoCoerce.callConstructor(ConstructorSite.java:102)
	at org.codehaus.groovy.runtime.callsite.AbstractCallSite.callConstructor(AbstractCallSite.java:190)
	at grails.plugin.cucumber.CucumberFormatter.resultUndefined(CucumberFormatter.groovy:250)
	at grails.plugin.cucumber.CucumberFormatter.result(CucumberFormatter.groovy:215)
	at cucumber.runtime.Utils$1.call(Utils.java:37)
	at cucumber.runtime.Timeout.timeout(Timeout.java:13)
	at cucumber.runtime.Utils.invoke(Utils.java:31)
	at cucumber.runtime.RuntimeOptions$1.invoke(RuntimeOptions.java:243)
	at com.sun.proxy.$Proxy42.result(Unknown Source)
	at cucumber.runtime.Runtime.runStep(Runtime.java:280)
	at cucumber.runtime.model.StepContainer.runStep(StepContainer.java:44)
	at cucumber.runtime.model.StepContainer.runSteps(StepContainer.java:39)
	at cucumber.runtime.model.CucumberScenario.run(CucumberScenario.java:48)
	at cucumber.runtime.model.CucumberFeature.run(CucumberFeature.java:163)
	at cucumber.runtime.model.CucumberFeature$run$0.call(Unknown Source)
	at grails.plugin.cucumber.Cucumber$_run_closure2.doCall(Cucumber.groovy:59)
	at org.codehaus.groovy.reflection.CachedMethod.invoke(CachedMethod.java:90)
	at groovy.lang.MetaMethod.doMethodInvoke(MetaMethod.java:324)
	at groovy.lang.MetaClassImpl.invokeMethod(MetaClassImpl.java:1207)
	at groovy.lang.ExpandoMetaClass.invokeMethod(ExpandoMetaClass.java:1110)
	at groovy.lang.MetaClassImpl.invokeMethod(MetaClassImpl.java:1016)
	at groovy.lang.Closure.call(Closure.java:423)
	at groovy.lang.Closure.call(Closure.java:439)
	at org.codehaus.groovy.runtime.DefaultGroovyMethods.each(DefaultGroovyMethods.java:1379)
	at org.codehaus.groovy.runtime.DefaultGroovyMethods.each(DefaultGroovyMethods.java:1372)
	at org.codehaus.groovy.runtime.dgm$149.invoke(Unknown Source)
	at org.codehaus.groovy.runtime.callsite.PojoMetaMethodSite$PojoMetaMethodSiteNoUnwrapNoCoerce.invoke(PojoMetaMethodSite.java:271)
	at org.codehaus.groovy.runtime.callsite.PojoMetaMethodSite.call(PojoMetaMethodSite.java:53)
	at org.codehaus.groovy.runtime.callsite.CallSiteArray.defaultCall(CallSiteArray.java:45)
	at org.codehaus.groovy.runtime.callsite.AbstractCallSite.call(AbstractCallSite.java:108)
	at org.codehaus.groovy.runtime.callsite.AbstractCallSite.call(AbstractCallSite.java:116)
	at grails.plugin.cucumber.Cucumber.run(Cucumber.groovy:58)
	at grails.plugin.cucumber.Cucumber$run$1.call(Unknown Source)
	at org.codehaus.groovy.runtime.callsite.CallSiteArray.defaultCall(CallSiteArray.java:45)
	at org.codehaus.groovy.runtime.callsite.AbstractCallSite.call(AbstractCallSite.java:108)
	at org.codehaus.groovy.runtime.callsite.AbstractCallSite.call(AbstractCallSite.java:116)
	at grails.plugin.cucumber.CucumberTestType.runFeatures(CucumberTestType.groovy:148)
	at grails.plugin.cucumber.CucumberTestType.this$3$runFeatures(CucumberTestType.groovy)
	at grails.plugin.cucumber.CucumberTestType$this$3$runFeatures$3.callCurrent(Unknown Source)
	at org.codehaus.groovy.runtime.callsite.CallSiteArray.defaultCallCurrent(CallSiteArray.java:49)
	at org.codehaus.groovy.runtime.callsite.AbstractCallSite.callCurrent(AbstractCallSite.java:133)
	at org.codehaus.groovy.runtime.callsite.AbstractCallSite.callCurrent(AbstractCallSite.java:141)
	at grails.plugin.cucumber.CucumberTestType.doRun(CucumberTestType.groovy:58)
	at org.codehaus.groovy.grails.test.support.GrailsTestTypeSupport.run(GrailsTestTypeSupport.groovy:121)
	at org.codehaus.groovy.grails.test.runner.GrailsProjectTestRunner.runTests(GrailsProjectTestRunner.groovy:415)
	at org.codehaus.groovy.grails.test.runner.GrailsProjectTestRunner.processTests(GrailsProjectTestRunner.groovy:395)
	at org.codehaus.groovy.reflection.CachedMethod.invoke(CachedMethod.java:90)
	at groovy.lang.MetaMethod.doMethodInvoke(MetaMethod.java:324)
	at groovy.lang.MetaClassImpl.invokeMethod(MetaClassImpl.java:1207)
	at groovy.lang.ExpandoMetaClass.invokeMethod(ExpandoMetaClass.java:1110)
	at groovy.lang.MetaClassImpl.invokeMethod(MetaClassImpl.java:1016)
	at groovy.lang.MetaClassImpl.invokeMethod(MetaClassImpl.java:1152)
	at groovy.lang.ExpandoMetaClass.invokeMethod(ExpandoMetaClass.java:1110)
	at groovy.lang.MetaClassImpl.invokeMethod(MetaClassImpl.java:1016)
	at org.codehaus.groovy.runtime.callsite.PogoMetaClassSite.callCurrent(PogoMetaClassSite.java:66)
	at org.codehaus.groovy.runtime.callsite.CallSiteArray.defaultCallCurrent(CallSiteArray.java:49)
	at org.codehaus.groovy.runtime.callsite.AbstractCallSite.callCurrent(AbstractCallSite.java:133)
	at org.codehaus.groovy.runtime.callsite.AbstractCallSite.callCurrent(AbstractCallSite.java:141)
	at org.codehaus.groovy.grails.test.runner.GrailsProjectTestRunner$_runAllTests_closure7.doCall(GrailsProjectTestRunner.groovy:313)
	at org.codehaus.groovy.reflection.CachedMethod.invoke(CachedMethod.java:90)
	at groovy.lang.MetaMethod.doMethodInvoke(MetaMethod.java:324)
	at groovy.lang.MetaClassImpl.invokeMethod(MetaClassImpl.java:1207)
	at groovy.lang.ExpandoMetaClass.invokeMethod(ExpandoMetaClass.java:1110)
	at groovy.lang.MetaClassImpl.invokeMethod(MetaClassImpl.java:1016)
	at groovy.lang.Closure.call(Closure.java:423)
	at org.codehaus.groovy.runtime.DefaultGroovyMethods.callClosureForMapEntry(DefaultGroovyMethods.java:4271)
	at org.codehaus.groovy.runtime.DefaultGroovyMethods.each(DefaultGroovyMethods.java:1408)
	at org.codehaus.groovy.runtime.dgm$151.invoke(Unknown Source)
	at org.codehaus.groovy.runtime.callsite.PojoMetaMethodSite$PojoMetaMethodSiteNoUnwrapNoCoerce.invoke(PojoMetaMethodSite.java:271)
	at org.codehaus.groovy.runtime.callsite.PojoMetaMethodSite.call(PojoMetaMethodSite.java:53)
	at org.codehaus.groovy.runtime.callsite.CallSiteArray.defaultCall(CallSiteArray.java:45)
	at org.codehaus.groovy.runtime.callsite.AbstractCallSite.call(AbstractCallSite.java:108)
	at org.codehaus.groovy.runtime.callsite.AbstractCallSite.call(AbstractCallSite.java:116)
	at org.codehaus.groovy.grails.test.runner.GrailsProjectTestRunner.runAllTests(GrailsProjectTestRunner.groovy:299)
	at org.codehaus.groovy.grails.test.runner.GrailsProjectTestRunner.runAllTests(GrailsProjectTestRunner.groovy:214)
	at org.codehaus.groovy.grails.test.runner.GrailsProjectTestRunner.runAllTests(GrailsProjectTestRunner.groovy)
	at org.codehaus.groovy.grails.test.runner.GrailsProjectTestRunner$runAllTests$0.call(Unknown Source)
	at org.codehaus.groovy.runtime.callsite.CallSiteArray.defaultCall(CallSiteArray.java:45)
	at org.codehaus.groovy.runtime.callsite.AbstractCallSite.call(AbstractCallSite.java:108)
	at org.codehaus.groovy.runtime.callsite.AbstractCallSite.call(AbstractCallSite.java:116)
</failure>
    <failure message="Undefined Step: And não existe nenhum político com o nome “Anderson” com o CPF “102.102.152-15”" type="grails.plugin.cucumber.FakeAssertionFailedError">cucumber.runtime.UndefinedStepException: Undefined Step: And não existe nenhum político com o nome “Anderson” com o CPF “102.102.152-15”
	at java.lang.reflect.Constructor.newInstance(Constructor.java:526)
	at org.codehaus.groovy.reflection.CachedConstructor.invoke(CachedConstructor.java:77)
	at org.codehaus.groovy.runtime.callsite.ConstructorSite$ConstructorSiteNoUnwrapNoCoerce.callConstructor(ConstructorSite.java:102)
	at org.codehaus.groovy.runtime.callsite.AbstractCallSite.callConstructor(AbstractCallSite.java:190)
	at grails.plugin.cucumber.CucumberFormatter.resultUndefined(CucumberFormatter.groovy:250)
	at grails.plugin.cucumber.CucumberFormatter.result(CucumberFormatter.groovy:215)
	at cucumber.runtime.Utils$1.call(Utils.java:37)
	at cucumber.runtime.Timeout.timeout(Timeout.java:13)
	at cucumber.runtime.Utils.invoke(Utils.java:31)
	at cucumber.runtime.RuntimeOptions$1.invoke(RuntimeOptions.java:243)
	at com.sun.proxy.$Proxy42.result(Unknown Source)
	at cucumber.runtime.Runtime.runStep(Runtime.java:280)
	at cucumber.runtime.model.StepContainer.runStep(StepContainer.java:44)
	at cucumber.runtime.model.StepContainer.runSteps(StepContainer.java:39)
	at cucumber.runtime.model.CucumberScenario.run(CucumberScenario.java:48)
	at cucumber.runtime.model.CucumberFeature.run(CucumberFeature.java:163)
	at cucumber.runtime.model.CucumberFeature$run$0.call(Unknown Source)
	at grails.plugin.cucumber.Cucumber$_run_closure2.doCall(Cucumber.groovy:59)
	at org.codehaus.groovy.reflection.CachedMethod.invoke(CachedMethod.java:90)
	at groovy.lang.MetaMethod.doMethodInvoke(MetaMethod.java:324)
	at groovy.lang.MetaClassImpl.invokeMethod(MetaClassImpl.java:1207)
	at groovy.lang.ExpandoMetaClass.invokeMethod(ExpandoMetaClass.java:1110)
	at groovy.lang.MetaClassImpl.invokeMethod(MetaClassImpl.java:1016)
	at groovy.lang.Closure.call(Closure.java:423)
	at groovy.lang.Closure.call(Closure.java:439)
	at org.codehaus.groovy.runtime.DefaultGroovyMethods.each(DefaultGroovyMethods.java:1379)
	at org.codehaus.groovy.runtime.DefaultGroovyMethods.each(DefaultGroovyMethods.java:1372)
	at org.codehaus.groovy.runtime.dgm$149.invoke(Unknown Source)
	at org.codehaus.groovy.runtime.callsite.PojoMetaMethodSite$PojoMetaMethodSiteNoUnwrapNoCoerce.invoke(PojoMetaMethodSite.java:271)
	at org.codehaus.groovy.runtime.callsite.PojoMetaMethodSite.call(PojoMetaMethodSite.java:53)
	at org.codehaus.groovy.runtime.callsite.CallSiteArray.defaultCall(CallSiteArray.java:45)
	at org.codehaus.groovy.runtime.callsite.AbstractCallSite.call(AbstractCallSite.java:108)
	at org.codehaus.groovy.runtime.callsite.AbstractCallSite.call(AbstractCallSite.java:116)
	at grails.plugin.cucumber.Cucumber.run(Cucumber.groovy:58)
	at grails.plugin.cucumber.Cucumber$run$1.call(Unknown Source)
	at org.codehaus.groovy.runtime.callsite.CallSiteArray.defaultCall(CallSiteArray.java:45)
	at org.codehaus.groovy.runtime.callsite.AbstractCallSite.call(AbstractCallSite.java:108)
	at org.codehaus.groovy.runtime.callsite.AbstractCallSite.call(AbstractCallSite.java:116)
	at grails.plugin.cucumber.CucumberTestType.runFeatures(CucumberTestType.groovy:148)
	at grails.plugin.cucumber.CucumberTestType.this$3$runFeatures(CucumberTestType.groovy)
	at grails.plugin.cucumber.CucumberTestType$this$3$runFeatures$3.callCurrent(Unknown Source)
	at org.codehaus.groovy.runtime.callsite.CallSiteArray.defaultCallCurrent(CallSiteArray.java:49)
	at org.codehaus.groovy.runtime.callsite.AbstractCallSite.callCurrent(AbstractCallSite.java:133)
	at org.codehaus.groovy.runtime.callsite.AbstractCallSite.callCurrent(AbstractCallSite.java:141)
	at grails.plugin.cucumber.CucumberTestType.doRun(CucumberTestType.groovy:58)
	at org.codehaus.groovy.grails.test.support.GrailsTestTypeSupport.run(GrailsTestTypeSupport.groovy:121)
	at org.codehaus.groovy.grails.test.runner.GrailsProjectTestRunner.runTests(GrailsProjectTestRunner.groovy:415)
	at org.codehaus.groovy.grails.test.runner.GrailsProjectTestRunner.processTests(GrailsProjectTestRunner.groovy:395)
	at org.codehaus.groovy.reflection.CachedMethod.invoke(CachedMethod.java:90)
	at groovy.lang.MetaMethod.doMethodInvoke(MetaMethod.java:324)
	at groovy.lang.MetaClassImpl.invokeMethod(MetaClassImpl.java:1207)
	at groovy.lang.ExpandoMetaClass.invokeMethod(ExpandoMetaClass.java:1110)
	at groovy.lang.MetaClassImpl.invokeMethod(MetaClassImpl.java:1016)
	at groovy.lang.MetaClassImpl.invokeMethod(MetaClassImpl.java:1152)
	at groovy.lang.ExpandoMetaClass.invokeMethod(ExpandoMetaClass.java:1110)
	at groovy.lang.MetaClassImpl.invokeMethod(MetaClassImpl.java:1016)
	at org.codehaus.groovy.runtime.callsite.PogoMetaClassSite.callCurrent(PogoMetaClassSite.java:66)
	at org.codehaus.groovy.runtime.callsite.CallSiteArray.defaultCallCurrent(CallSiteArray.java:49)
	at org.codehaus.groovy.runtime.callsite.AbstractCallSite.callCurrent(AbstractCallSite.java:133)
	at org.codehaus.groovy.runtime.callsite.AbstractCallSite.callCurrent(AbstractCallSite.java:141)
	at org.codehaus.groovy.grails.test.runner.GrailsProjectTestRunner$_runAllTests_closure7.doCall(GrailsProjectTestRunner.groovy:313)
	at org.codehaus.groovy.reflection.CachedMethod.invoke(CachedMethod.java:90)
	at groovy.lang.MetaMethod.doMethodInvoke(MetaMethod.java:324)
	at groovy.lang.MetaClassImpl.invokeMethod(MetaClassImpl.java:1207)
	at groovy.lang.ExpandoMetaClass.invokeMethod(ExpandoMetaClass.java:1110)
	at groovy.lang.MetaClassImpl.invokeMethod(MetaClassImpl.java:1016)
	at groovy.lang.Closure.call(Closure.java:423)
	at org.codehaus.groovy.runtime.DefaultGroovyMethods.callClosureForMapEntry(DefaultGroovyMethods.java:4271)
	at org.codehaus.groovy.runtime.DefaultGroovyMethods.each(DefaultGroovyMethods.java:1408)
	at org.codehaus.groovy.runtime.dgm$151.invoke(Unknown Source)
	at org.codehaus.groovy.runtime.callsite.PojoMetaMethodSite$PojoMetaMethodSiteNoUnwrapNoCoerce.invoke(PojoMetaMethodSite.java:271)
	at org.codehaus.groovy.runtime.callsite.PojoMetaMethodSite.call(PojoMetaMethodSite.java:53)
	at org.codehaus.groovy.runtime.callsite.CallSiteArray.defaultCall(CallSiteArray.java:45)
	at org.codehaus.groovy.runtime.callsite.AbstractCallSite.call(AbstractCallSite.java:108)
	at org.codehaus.groovy.runtime.callsite.AbstractCallSite.call(AbstractCallSite.java:116)
	at org.codehaus.groovy.grails.test.runner.GrailsProjectTestRunner.runAllTests(GrailsProjectTestRunner.groovy:299)
	at org.codehaus.groovy.grails.test.runner.GrailsProjectTestRunner.runAllTests(GrailsProjectTestRunner.groovy:214)
	at org.codehaus.groovy.grails.test.runner.GrailsProjectTestRunner.runAllTests(GrailsProjectTestRunner.groovy)
	at org.codehaus.groovy.grails.test.runner.GrailsProjectTestRunner$runAllTests$0.call(Unknown Source)
	at org.codehaus.groovy.runtime.callsite.CallSiteArray.defaultCall(CallSiteArray.java:45)
	at org.codehaus.groovy.runtime.callsite.AbstractCallSite.call(AbstractCallSite.java:108)
	at org.codehaus.groovy.runtime.callsite.AbstractCallSite.call(AbstractCallSite.java:116)
</failure>
    <failure message="Undefined Step: When eu seleciono a opção “Cadastrar”" type="grails.plugin.cucumber.FakeAssertionFailedError">cucumber.runtime.UndefinedStepException: Undefined Step: When eu seleciono a opção “Cadastrar”
	at java.lang.reflect.Constructor.newInstance(Constructor.java:526)
	at org.codehaus.groovy.reflection.CachedConstructor.invoke(CachedConstructor.java:77)
	at org.codehaus.groovy.runtime.callsite.ConstructorSite$ConstructorSiteNoUnwrapNoCoerce.callConstructor(ConstructorSite.java:102)
	at org.codehaus.groovy.runtime.callsite.AbstractCallSite.callConstructor(AbstractCallSite.java:190)
	at grails.plugin.cucumber.CucumberFormatter.resultUndefined(CucumberFormatter.groovy:250)
	at grails.plugin.cucumber.CucumberFormatter.result(CucumberFormatter.groovy:215)
	at cucumber.runtime.Utils$1.call(Utils.java:37)
	at cucumber.runtime.Timeout.timeout(Timeout.java:13)
	at cucumber.runtime.Utils.invoke(Utils.java:31)
	at cucumber.runtime.RuntimeOptions$1.invoke(RuntimeOptions.java:243)
	at com.sun.proxy.$Proxy42.result(Unknown Source)
	at cucumber.runtime.Runtime.runStep(Runtime.java:280)
	at cucumber.runtime.model.StepContainer.runStep(StepContainer.java:44)
	at cucumber.runtime.model.StepContainer.runSteps(StepContainer.java:39)
	at cucumber.runtime.model.CucumberScenario.run(CucumberScenario.java:48)
	at cucumber.runtime.model.CucumberFeature.run(CucumberFeature.java:163)
	at cucumber.runtime.model.CucumberFeature$run$0.call(Unknown Source)
	at grails.plugin.cucumber.Cucumber$_run_closure2.doCall(Cucumber.groovy:59)
	at org.codehaus.groovy.reflection.CachedMethod.invoke(CachedMethod.java:90)
	at groovy.lang.MetaMethod.doMethodInvoke(MetaMethod.java:324)
	at groovy.lang.MetaClassImpl.invokeMethod(MetaClassImpl.java:1207)
	at groovy.lang.ExpandoMetaClass.invokeMethod(ExpandoMetaClass.java:1110)
	at groovy.lang.MetaClassImpl.invokeMethod(MetaClassImpl.java:1016)
	at groovy.lang.Closure.call(Closure.java:423)
	at groovy.lang.Closure.call(Closure.java:439)
	at org.codehaus.groovy.runtime.DefaultGroovyMethods.each(DefaultGroovyMethods.java:1379)
	at org.codehaus.groovy.runtime.DefaultGroovyMethods.each(DefaultGroovyMethods.java:1372)
	at org.codehaus.groovy.runtime.dgm$149.invoke(Unknown Source)
	at org.codehaus.groovy.runtime.callsite.PojoMetaMethodSite$PojoMetaMethodSiteNoUnwrapNoCoerce.invoke(PojoMetaMethodSite.java:271)
	at org.codehaus.groovy.runtime.callsite.PojoMetaMethodSite.call(PojoMetaMethodSite.java:53)
	at org.codehaus.groovy.runtime.callsite.CallSiteArray.defaultCall(CallSiteArray.java:45)
	at org.codehaus.groovy.runtime.callsite.AbstractCallSite.call(AbstractCallSite.java:108)
	at org.codehaus.groovy.runtime.callsite.AbstractCallSite.call(AbstractCallSite.java:116)
	at grails.plugin.cucumber.Cucumber.run(Cucumber.groovy:58)
	at grails.plugin.cucumber.Cucumber$run$1.call(Unknown Source)
	at org.codehaus.groovy.runtime.callsite.CallSiteArray.defaultCall(CallSiteArray.java:45)
	at org.codehaus.groovy.runtime.callsite.AbstractCallSite.call(AbstractCallSite.java:108)
	at org.codehaus.groovy.runtime.callsite.AbstractCallSite.call(AbstractCallSite.java:116)
	at grails.plugin.cucumber.CucumberTestType.runFeatures(CucumberTestType.groovy:148)
	at grails.plugin.cucumber.CucumberTestType.this$3$runFeatures(CucumberTestType.groovy)
	at grails.plugin.cucumber.CucumberTestType$this$3$runFeatures$3.callCurrent(Unknown Source)
	at org.codehaus.groovy.runtime.callsite.CallSiteArray.defaultCallCurrent(CallSiteArray.java:49)
	at org.codehaus.groovy.runtime.callsite.AbstractCallSite.callCurrent(AbstractCallSite.java:133)
	at org.codehaus.groovy.runtime.callsite.AbstractCallSite.callCurrent(AbstractCallSite.java:141)
	at grails.plugin.cucumber.CucumberTestType.doRun(CucumberTestType.groovy:58)
	at org.codehaus.groovy.grails.test.support.GrailsTestTypeSupport.run(GrailsTestTypeSupport.groovy:121)
	at org.codehaus.groovy.grails.test.runner.GrailsProjectTestRunner.runTests(GrailsProjectTestRunner.groovy:415)
	at org.codehaus.groovy.grails.test.runner.GrailsProjectTestRunner.processTests(GrailsProjectTestRunner.groovy:395)
	at org.codehaus.groovy.reflection.CachedMethod.invoke(CachedMethod.java:90)
	at groovy.lang.MetaMethod.doMethodInvoke(MetaMethod.java:324)
	at groovy.lang.MetaClassImpl.invokeMethod(MetaClassImpl.java:1207)
	at groovy.lang.ExpandoMetaClass.invokeMethod(ExpandoMetaClass.java:1110)
	at groovy.lang.MetaClassImpl.invokeMethod(MetaClassImpl.java:1016)
	at groovy.lang.MetaClassImpl.invokeMethod(MetaClassImpl.java:1152)
	at groovy.lang.ExpandoMetaClass.invokeMethod(ExpandoMetaClass.java:1110)
	at groovy.lang.MetaClassImpl.invokeMethod(MetaClassImpl.java:1016)
	at org.codehaus.groovy.runtime.callsite.PogoMetaClassSite.callCurrent(PogoMetaClassSite.java:66)
	at org.codehaus.groovy.runtime.callsite.CallSiteArray.defaultCallCurrent(CallSiteArray.java:49)
	at org.codehaus.groovy.runtime.callsite.AbstractCallSite.callCurrent(AbstractCallSite.java:133)
	at org.codehaus.groovy.runtime.callsite.AbstractCallSite.callCurrent(AbstractCallSite.java:141)
	at org.codehaus.groovy.grails.test.runner.GrailsProjectTestRunner$_runAllTests_closure7.doCall(GrailsProjectTestRunner.groovy:313)
	at org.codehaus.groovy.reflection.CachedMethod.invoke(CachedMethod.java:90)
	at groovy.lang.MetaMethod.doMethodInvoke(MetaMethod.java:324)
	at groovy.lang.MetaClassImpl.invokeMethod(MetaClassImpl.java:1207)
	at groovy.lang.ExpandoMetaClass.invokeMethod(ExpandoMetaClass.java:1110)
	at groovy.lang.MetaClassImpl.invokeMethod(MetaClassImpl.java:1016)
	at groovy.lang.Closure.call(Closure.java:423)
	at org.codehaus.groovy.runtime.DefaultGroovyMethods.callClosureForMapEntry(DefaultGroovyMethods.java:4271)
	at org.codehaus.groovy.runtime.DefaultGroovyMethods.each(DefaultGroovyMethods.java:1408)
	at org.codehaus.groovy.runtime.dgm$151.invoke(Unknown Source)
	at org.codehaus.groovy.runtime.callsite.PojoMetaMethodSite$PojoMetaMethodSiteNoUnwrapNoCoerce.invoke(PojoMetaMethodSite.java:271)
	at org.codehaus.groovy.runtime.callsite.PojoMetaMethodSite.call(PojoMetaMethodSite.java:53)
	at org.codehaus.groovy.runtime.callsite.CallSiteArray.defaultCall(CallSiteArray.java:45)
	at org.codehaus.groovy.runtime.callsite.AbstractCallSite.call(AbstractCallSite.java:108)
	at org.codehaus.groovy.runtime.callsite.AbstractCallSite.call(AbstractCallSite.java:116)
	at org.codehaus.groovy.grails.test.runner.GrailsProjectTestRunner.runAllTests(GrailsProjectTestRunner.groovy:299)
	at org.codehaus.groovy.grails.test.runner.GrailsProjectTestRunner.runAllTests(GrailsProjectTestRunner.groovy:214)
	at org.codehaus.groovy.grails.test.runner.GrailsProjectTestRunner.runAllTests(GrailsProjectTestRunner.groovy)
	at org.codehaus.groovy.grails.test.runner.GrailsProjectTestRunner$runAllTests$0.call(Unknown Source)
	at org.codehaus.groovy.runtime.callsite.CallSiteArray.defaultCall(CallSiteArray.java:45)
	at org.codehaus.groovy.runtime.callsite.AbstractCallSite.call(AbstractCallSite.java:108)
	at org.codehaus.groovy.runtime.callsite.AbstractCallSite.call(AbstractCallSite.java:116)
</failure>
    <failure message="Undefined Step: And eu tento cadastrar o político “Anderson” com CPF “102.102.152-15” e seleciono “Salvar”" type="grails.plugin.cucumber.FakeAssertionFailedError">cucumber.runtime.UndefinedStepException: Undefined Step: And eu tento cadastrar o político “Anderson” com CPF “102.102.152-15” e seleciono “Salvar”
	at java.lang.reflect.Constructor.newInstance(Constructor.java:526)
	at org.codehaus.groovy.reflection.CachedConstructor.invoke(CachedConstructor.java:77)
	at org.codehaus.groovy.runtime.callsite.ConstructorSite$ConstructorSiteNoUnwrapNoCoerce.callConstructor(ConstructorSite.java:102)
	at org.codehaus.groovy.runtime.callsite.AbstractCallSite.callConstructor(AbstractCallSite.java:190)
	at grails.plugin.cucumber.CucumberFormatter.resultUndefined(CucumberFormatter.groovy:250)
	at grails.plugin.cucumber.CucumberFormatter.result(CucumberFormatter.groovy:215)
	at cucumber.runtime.Utils$1.call(Utils.java:37)
	at cucumber.runtime.Timeout.timeout(Timeout.java:13)
	at cucumber.runtime.Utils.invoke(Utils.java:31)
	at cucumber.runtime.RuntimeOptions$1.invoke(RuntimeOptions.java:243)
	at com.sun.proxy.$Proxy42.result(Unknown Source)
	at cucumber.runtime.Runtime.runStep(Runtime.java:280)
	at cucumber.runtime.model.StepContainer.runStep(StepContainer.java:44)
	at cucumber.runtime.model.StepContainer.runSteps(StepContainer.java:39)
	at cucumber.runtime.model.CucumberScenario.run(CucumberScenario.java:48)
	at cucumber.runtime.model.CucumberFeature.run(CucumberFeature.java:163)
	at cucumber.runtime.model.CucumberFeature$run$0.call(Unknown Source)
	at grails.plugin.cucumber.Cucumber$_run_closure2.doCall(Cucumber.groovy:59)
	at org.codehaus.groovy.reflection.CachedMethod.invoke(CachedMethod.java:90)
	at groovy.lang.MetaMethod.doMethodInvoke(MetaMethod.java:324)
	at groovy.lang.MetaClassImpl.invokeMethod(MetaClassImpl.java:1207)
	at groovy.lang.ExpandoMetaClass.invokeMethod(ExpandoMetaClass.java:1110)
	at groovy.lang.MetaClassImpl.invokeMethod(MetaClassImpl.java:1016)
	at groovy.lang.Closure.call(Closure.java:423)
	at groovy.lang.Closure.call(Closure.java:439)
	at org.codehaus.groovy.runtime.DefaultGroovyMethods.each(DefaultGroovyMethods.java:1379)
	at org.codehaus.groovy.runtime.DefaultGroovyMethods.each(DefaultGroovyMethods.java:1372)
	at org.codehaus.groovy.runtime.dgm$149.invoke(Unknown Source)
	at org.codehaus.groovy.runtime.callsite.PojoMetaMethodSite$PojoMetaMethodSiteNoUnwrapNoCoerce.invoke(PojoMetaMethodSite.java:271)
	at org.codehaus.groovy.runtime.callsite.PojoMetaMethodSite.call(PojoMetaMethodSite.java:53)
	at org.codehaus.groovy.runtime.callsite.CallSiteArray.defaultCall(CallSiteArray.java:45)
	at org.codehaus.groovy.runtime.callsite.AbstractCallSite.call(AbstractCallSite.java:108)
	at org.codehaus.groovy.runtime.callsite.AbstractCallSite.call(AbstractCallSite.java:116)
	at grails.plugin.cucumber.Cucumber.run(Cucumber.groovy:58)
	at grails.plugin.cucumber.Cucumber$run$1.call(Unknown Source)
	at org.codehaus.groovy.runtime.callsite.CallSiteArray.defaultCall(CallSiteArray.java:45)
	at org.codehaus.groovy.runtime.callsite.AbstractCallSite.call(AbstractCallSite.java:108)
	at org.codehaus.groovy.runtime.callsite.AbstractCallSite.call(AbstractCallSite.java:116)
	at grails.plugin.cucumber.CucumberTestType.runFeatures(CucumberTestType.groovy:148)
	at grails.plugin.cucumber.CucumberTestType.this$3$runFeatures(CucumberTestType.groovy)
	at grails.plugin.cucumber.CucumberTestType$this$3$runFeatures$3.callCurrent(Unknown Source)
	at org.codehaus.groovy.runtime.callsite.CallSiteArray.defaultCallCurrent(CallSiteArray.java:49)
	at org.codehaus.groovy.runtime.callsite.AbstractCallSite.callCurrent(AbstractCallSite.java:133)
	at org.codehaus.groovy.runtime.callsite.AbstractCallSite.callCurrent(AbstractCallSite.java:141)
	at grails.plugin.cucumber.CucumberTestType.doRun(CucumberTestType.groovy:58)
	at org.codehaus.groovy.grails.test.support.GrailsTestTypeSupport.run(GrailsTestTypeSupport.groovy:121)
	at org.codehaus.groovy.grails.test.runner.GrailsProjectTestRunner.runTests(GrailsProjectTestRunner.groovy:415)
	at org.codehaus.groovy.grails.test.runner.GrailsProjectTestRunner.processTests(GrailsProjectTestRunner.groovy:395)
	at org.codehaus.groovy.reflection.CachedMethod.invoke(CachedMethod.java:90)
	at groovy.lang.MetaMethod.doMethodInvoke(MetaMethod.java:324)
	at groovy.lang.MetaClassImpl.invokeMethod(MetaClassImpl.java:1207)
	at groovy.lang.ExpandoMetaClass.invokeMethod(ExpandoMetaClass.java:1110)
	at groovy.lang.MetaClassImpl.invokeMethod(MetaClassImpl.java:1016)
	at groovy.lang.MetaClassImpl.invokeMethod(MetaClassImpl.java:1152)
	at groovy.lang.ExpandoMetaClass.invokeMethod(ExpandoMetaClass.java:1110)
	at groovy.lang.MetaClassImpl.invokeMethod(MetaClassImpl.java:1016)
	at org.codehaus.groovy.runtime.callsite.PogoMetaClassSite.callCurrent(PogoMetaClassSite.java:66)
	at org.codehaus.groovy.runtime.callsite.CallSiteArray.defaultCallCurrent(CallSiteArray.java:49)
	at org.codehaus.groovy.runtime.callsite.AbstractCallSite.callCurrent(AbstractCallSite.java:133)
	at org.codehaus.groovy.runtime.callsite.AbstractCallSite.callCurrent(AbstractCallSite.java:141)
	at org.codehaus.groovy.grails.test.runner.GrailsProjectTestRunner$_runAllTests_closure7.doCall(GrailsProjectTestRunner.groovy:313)
	at org.codehaus.groovy.reflection.CachedMethod.invoke(CachedMethod.java:90)
	at groovy.lang.MetaMethod.doMethodInvoke(MetaMethod.java:324)
	at groovy.lang.MetaClassImpl.invokeMethod(MetaClassImpl.java:1207)
	at groovy.lang.ExpandoMetaClass.invokeMethod(ExpandoMetaClass.java:1110)
	at groovy.lang.MetaClassImpl.invokeMethod(MetaClassImpl.java:1016)
	at groovy.lang.Closure.call(Closure.java:423)
	at org.codehaus.groovy.runtime.DefaultGroovyMethods.callClosureForMapEntry(DefaultGroovyMethods.java:4271)
	at org.codehaus.groovy.runtime.DefaultGroovyMethods.each(DefaultGroovyMethods.java:1408)
	at org.codehaus.groovy.runtime.dgm$151.invoke(Unknown Source)
	at org.codehaus.groovy.runtime.callsite.PojoMetaMethodSite$PojoMetaMethodSiteNoUnwrapNoCoerce.invoke(PojoMetaMethodSite.java:271)
	at org.codehaus.groovy.runtime.callsite.PojoMetaMethodSite.call(PojoMetaMethodSite.java:53)
	at org.codehaus.groovy.runtime.callsite.CallSiteArray.defaultCall(CallSiteArray.java:45)
	at org.codehaus.groovy.runtime.callsite.AbstractCallSite.call(AbstractCallSite.java:108)
	at org.codehaus.groovy.runtime.callsite.AbstractCallSite.call(AbstractCallSite.java:116)
	at org.codehaus.groovy.grails.test.runner.GrailsProjectTestRunner.runAllTests(GrailsProjectTestRunner.groovy:299)
	at org.codehaus.groovy.grails.test.runner.GrailsProjectTestRunner.runAllTests(GrailsProjectTestRunner.groovy:214)
	at org.codehaus.groovy.grails.test.runner.GrailsProjectTestRunner.runAllTests(GrailsProjectTestRunner.groovy)
	at org.codehaus.groovy.grails.test.runner.GrailsProjectTestRunner$runAllTests$0.call(Unknown Source)
	at org.codehaus.groovy.runtime.callsite.CallSiteArray.defaultCall(CallSiteArray.java:45)
	at org.codehaus.groovy.runtime.callsite.AbstractCallSite.call(AbstractCallSite.java:108)
	at org.codehaus.groovy.runtime.callsite.AbstractCallSite.call(AbstractCallSite.java:116)
</failure>
    <failure message="Undefined Step: Then eu recebo a mensagem de confirmação" type="grails.plugin.cucumber.FakeAssertionFailedError">cucumber.runtime.UndefinedStepException: Undefined Step: Then eu recebo a mensagem de confirmação
	at java.lang.reflect.Constructor.newInstance(Constructor.java:526)
	at org.codehaus.groovy.reflection.CachedConstructor.invoke(CachedConstructor.java:77)
	at org.codehaus.groovy.runtime.callsite.ConstructorSite$ConstructorSiteNoUnwrapNoCoerce.callConstructor(ConstructorSite.java:102)
	at org.codehaus.groovy.runtime.callsite.AbstractCallSite.callConstructor(AbstractCallSite.java:190)
	at grails.plugin.cucumber.CucumberFormatter.resultUndefined(CucumberFormatter.groovy:250)
	at grails.plugin.cucumber.CucumberFormatter.result(CucumberFormatter.groovy:215)
	at cucumber.runtime.Utils$1.call(Utils.java:37)
	at cucumber.runtime.Timeout.timeout(Timeout.java:13)
	at cucumber.runtime.Utils.invoke(Utils.java:31)
	at cucumber.runtime.RuntimeOptions$1.invoke(RuntimeOptions.java:243)
	at com.sun.proxy.$Proxy42.result(Unknown Source)
	at cucumber.runtime.Runtime.runStep(Runtime.java:280)
	at cucumber.runtime.model.StepContainer.runStep(StepContainer.java:44)
	at cucumber.runtime.model.StepContainer.runSteps(StepContainer.java:39)
	at cucumber.runtime.model.CucumberScenario.run(CucumberScenario.java:48)
	at cucumber.runtime.model.CucumberFeature.run(CucumberFeature.java:163)
	at cucumber.runtime.model.CucumberFeature$run$0.call(Unknown Source)
	at grails.plugin.cucumber.Cucumber$_run_closure2.doCall(Cucumber.groovy:59)
	at org.codehaus.groovy.reflection.CachedMethod.invoke(CachedMethod.java:90)
	at groovy.lang.MetaMethod.doMethodInvoke(MetaMethod.java:324)
	at groovy.lang.MetaClassImpl.invokeMethod(MetaClassImpl.java:1207)
	at groovy.lang.ExpandoMetaClass.invokeMethod(ExpandoMetaClass.java:1110)
	at groovy.lang.MetaClassImpl.invokeMethod(MetaClassImpl.java:1016)
	at groovy.lang.Closure.call(Closure.java:423)
	at groovy.lang.Closure.call(Closure.java:439)
	at org.codehaus.groovy.runtime.DefaultGroovyMethods.each(DefaultGroovyMethods.java:1379)
	at org.codehaus.groovy.runtime.DefaultGroovyMethods.each(DefaultGroovyMethods.java:1372)
	at org.codehaus.groovy.runtime.dgm$149.invoke(Unknown Source)
	at org.codehaus.groovy.runtime.callsite.PojoMetaMethodSite$PojoMetaMethodSiteNoUnwrapNoCoerce.invoke(PojoMetaMethodSite.java:271)
	at org.codehaus.groovy.runtime.callsite.PojoMetaMethodSite.call(PojoMetaMethodSite.java:53)
	at org.codehaus.groovy.runtime.callsite.CallSiteArray.defaultCall(CallSiteArray.java:45)
	at org.codehaus.groovy.runtime.callsite.AbstractCallSite.call(AbstractCallSite.java:108)
	at org.codehaus.groovy.runtime.callsite.AbstractCallSite.call(AbstractCallSite.java:116)
	at grails.plugin.cucumber.Cucumber.run(Cucumber.groovy:58)
	at grails.plugin.cucumber.Cucumber$run$1.call(Unknown Source)
	at org.codehaus.groovy.runtime.callsite.CallSiteArray.defaultCall(CallSiteArray.java:45)
	at org.codehaus.groovy.runtime.callsite.AbstractCallSite.call(AbstractCallSite.java:108)
	at org.codehaus.groovy.runtime.callsite.AbstractCallSite.call(AbstractCallSite.java:116)
	at grails.plugin.cucumber.CucumberTestType.runFeatures(CucumberTestType.groovy:148)
	at grails.plugin.cucumber.CucumberTestType.this$3$runFeatures(CucumberTestType.groovy)
	at grails.plugin.cucumber.CucumberTestType$this$3$runFeatures$3.callCurrent(Unknown Source)
	at org.codehaus.groovy.runtime.callsite.CallSiteArray.defaultCallCurrent(CallSiteArray.java:49)
	at org.codehaus.groovy.runtime.callsite.AbstractCallSite.callCurrent(AbstractCallSite.java:133)
	at org.codehaus.groovy.runtime.callsite.AbstractCallSite.callCurrent(AbstractCallSite.java:141)
	at grails.plugin.cucumber.CucumberTestType.doRun(CucumberTestType.groovy:58)
	at org.codehaus.groovy.grails.test.support.GrailsTestTypeSupport.run(GrailsTestTypeSupport.groovy:121)
	at org.codehaus.groovy.grails.test.runner.GrailsProjectTestRunner.runTests(GrailsProjectTestRunner.groovy:415)
	at org.codehaus.groovy.grails.test.runner.GrailsProjectTestRunner.processTests(GrailsProjectTestRunner.groovy:395)
	at org.codehaus.groovy.reflection.CachedMethod.invoke(CachedMethod.java:90)
	at groovy.lang.MetaMethod.doMethodInvoke(MetaMethod.java:324)
	at groovy.lang.MetaClassImpl.invokeMethod(MetaClassImpl.java:1207)
	at groovy.lang.ExpandoMetaClass.invokeMethod(ExpandoMetaClass.java:1110)
	at groovy.lang.MetaClassImpl.invokeMethod(MetaClassImpl.java:1016)
	at groovy.lang.MetaClassImpl.invokeMethod(MetaClassImpl.java:1152)
	at groovy.lang.ExpandoMetaClass.invokeMethod(ExpandoMetaClass.java:1110)
	at groovy.lang.MetaClassImpl.invokeMethod(MetaClassImpl.java:1016)
	at org.codehaus.groovy.runtime.callsite.PogoMetaClassSite.callCurrent(PogoMetaClassSite.java:66)
	at org.codehaus.groovy.runtime.callsite.CallSiteArray.defaultCallCurrent(CallSiteArray.java:49)
	at org.codehaus.groovy.runtime.callsite.AbstractCallSite.callCurrent(AbstractCallSite.java:133)
	at org.codehaus.groovy.runtime.callsite.AbstractCallSite.callCurrent(AbstractCallSite.java:141)
	at org.codehaus.groovy.grails.test.runner.GrailsProjectTestRunner$_runAllTests_closure7.doCall(GrailsProjectTestRunner.groovy:313)
	at org.codehaus.groovy.reflection.CachedMethod.invoke(CachedMethod.java:90)
	at groovy.lang.MetaMethod.doMethodInvoke(MetaMethod.java:324)
	at groovy.lang.MetaClassImpl.invokeMethod(MetaClassImpl.java:1207)
	at groovy.lang.ExpandoMetaClass.invokeMethod(ExpandoMetaClass.java:1110)
	at groovy.lang.MetaClassImpl.invokeMethod(MetaClassImpl.java:1016)
	at groovy.lang.Closure.call(Closure.java:423)
	at org.codehaus.groovy.runtime.DefaultGroovyMethods.callClosureForMapEntry(DefaultGroovyMethods.java:4271)
	at org.codehaus.groovy.runtime.DefaultGroovyMethods.each(DefaultGroovyMethods.java:1408)
	at org.codehaus.groovy.runtime.dgm$151.invoke(Unknown Source)
	at org.codehaus.groovy.runtime.callsite.PojoMetaMethodSite$PojoMetaMethodSiteNoUnwrapNoCoerce.invoke(PojoMetaMethodSite.java:271)
	at org.codehaus.groovy.runtime.callsite.PojoMetaMethodSite.call(PojoMetaMethodSite.java:53)
	at org.codehaus.groovy.runtime.callsite.CallSiteArray.defaultCall(CallSiteArray.java:45)
	at org.codehaus.groovy.runtime.callsite.AbstractCallSite.call(AbstractCallSite.java:108)
	at org.codehaus.groovy.runtime.callsite.AbstractCallSite.call(AbstractCallSite.java:116)
	at org.codehaus.groovy.grails.test.runner.GrailsProjectTestRunner.runAllTests(GrailsProjectTestRunner.groovy:299)
	at org.codehaus.groovy.grails.test.runner.GrailsProjectTestRunner.runAllTests(GrailsProjectTestRunner.groovy:214)
	at org.codehaus.groovy.grails.test.runner.GrailsProjectTestRunner.runAllTests(GrailsProjectTestRunner.groovy)
	at org.codehaus.groovy.grails.test.runner.GrailsProjectTestRunner$runAllTests$0.call(Unknown Source)
	at org.codehaus.groovy.runtime.callsite.CallSiteArray.defaultCall(CallSiteArray.java:45)
	at org.codehaus.groovy.runtime.callsite.AbstractCallSite.call(AbstractCallSite.java:108)
	at org.codehaus.groovy.runtime.callsite.AbstractCallSite.call(AbstractCallSite.java:116)
</failure>
    <failure message="Undefined Step: And Consigo ver as informações do político cadastrado" type="grails.plugin.cucumber.FakeAssertionFailedError">cucumber.runtime.UndefinedStepException: Undefined Step: And Consigo ver as informações do político cadastrado
	at java.lang.reflect.Constructor.newInstance(Constructor.java:526)
	at org.codehaus.groovy.reflection.CachedConstructor.invoke(CachedConstructor.java:77)
	at org.codehaus.groovy.runtime.callsite.ConstructorSite$ConstructorSiteNoUnwrapNoCoerce.callConstructor(ConstructorSite.java:102)
	at org.codehaus.groovy.runtime.callsite.AbstractCallSite.callConstructor(AbstractCallSite.java:190)
	at grails.plugin.cucumber.CucumberFormatter.resultUndefined(CucumberFormatter.groovy:250)
	at grails.plugin.cucumber.CucumberFormatter.result(CucumberFormatter.groovy:215)
[...]
	at org.codehaus.groovy.grails.test.runner.GrailsProjectTestRunner$_runAllTests_closure7.doCall(GrailsProjectTestRunner.groovy:313)
	at org.codehaus.groovy.reflection.CachedMethod.invoke(CachedMethod.java:90)
	at groovy.lang.MetaMethod.doMethodInvoke(MetaMethod.java:324)
	at groovy.lang.MetaClassImpl.invokeMethod(MetaClassImpl.java:1207)
	at groovy.lang.ExpandoMetaClass.invokeMethod(ExpandoMetaClass.java:1110)
	at groovy.lang.MetaClassImpl.invokeMethod(MetaClassImpl.java:1016)
	at groovy.lang.Closure.call(Closure.java:423)
	at org.codehaus.groovy.runtime.DefaultGroovyMethods.callClosureForMapEntry(DefaultGroovyMethods.java:4271)
	at org.codehaus.groovy.runtime.DefaultGroovyMethods.each(DefaultGroovyMethods.java:1408)
	at org.codehaus.groovy.runtime.dgm$151.invoke(Unknown Source)
	at org.codehaus.groovy.runtime.callsite.PojoMetaMethodSite$PojoMetaMethodSiteNoUnwrapNoCoerce.invoke(PojoMetaMethodSite.java:271)
	at org.codehaus.groovy.runtime.callsite.PojoMetaMethodSite.call(PojoMetaMethodSite.java:53)
	at org.codehaus.groovy.runtime.callsite.CallSiteArray.defaultCall(CallSiteArray.java:45)
	at org.codehaus.groovy.runtime.callsite.AbstractCallSite.call(AbstractCallSite.java:108)
	at org.codehaus.groovy.runtime.callsite.AbstractCallSite.call(AbstractCallSite.java:116)
	at org.codehaus.groovy.grails.test.runner.GrailsProjectTestRunner.runAllTests(GrailsProjectTestRunner.groovy:299)
	at org.codehaus.groovy.grails.test.runner.GrailsProjectTestRunner.runAllTests(GrailsProjectTestRunner.groovy:214)
	at org.codehaus.groovy.grails.test.runner.GrailsProjectTestRunner.runAllTests(GrailsProjectTestRunner.groovy)
	at org.codehaus.groovy.grails.test.runner.GrailsProjectTestRunner$runAllTests$0.call(Unknown Source)
	at org.codehaus.groovy.runtime.callsite.CallSiteArray.defaultCall(CallSiteArray.java:45)
	at org.codehaus.groovy.runtime.callsite.AbstractCallSite.call(AbstractCallSite.java:108)
	at org.codehaus.groovy.runtime.callsite.AbstractCallSite.call(AbstractCallSite.java:116)
</failure>
    <failure message="Undefined Step: Then eu recebo a mensagem de confirmação" type="grails.plugin.cucumber.FakeAssertionFailedError">cucumber.runtime.UndefinedStepException: Undefined Step: Then eu recebo a mensagem de confirmação
	at java.lang.reflect.Constructor.newInstance(Constructor.java:526)
	at org.codehaus.groovy.reflection.CachedConstructor.invoke(CachedConstructor.java:77)
	at org.codehaus.groovy.runtime.callsite.ConstructorSite$ConstructorSiteNoUnwrapNoCoerce.callConstructor(ConstructorSite.java:102)
	at org.codehaus.groovy.runtime.callsite.AbstractCallSite.callConstructor(AbstractCallSite.java:190)
	at grails.plugin.cucumber.CucumberFormatter.resultUndefined(CucumberFormatter.groovy:250)
	at grails.plugin.cucumber.CucumberFormatter.result(CucumberFormatter.groovy:215)
	at cucumber.runtime.Utils$1.call(Utils.java:37)
	at cucumber.runtime.Timeout.timeout(Timeout.java:13)
	at cucumber.runtime.Utils.invoke(Utils.java:31)
	at cucumber.runtime.RuntimeOptions$1.invoke(RuntimeOptions.java:243)
	at com.sun.proxy.$Proxy42.result(Unknown Source)
	at cucumber.runtime.Runtime.runStep(Runtime.java:280)
	at cucumber.runtime.model.StepContainer.runStep(StepContainer.java:44)
	at cucumber.runtime.model.StepContainer.runSteps(StepContainer.java:39)
	at cucumber.runtime.model.CucumberScenario.run(CucumberScenario.java:48)
	at cucumber.runtime.model.CucumberFeature.run(CucumberFeature.java:163)
	at cucumber.runtime.model.CucumberFeature$run$0.call(Unknown Source)
	at grails.plugin.cucumber.Cucumber$_run_closure2.doCall(Cucumber.groovy:59)
	at org.codehaus.groovy.reflection.CachedMethod.invoke(CachedMethod.java:90)
	at groovy.lang.MetaMethod.doMethodInvoke(MetaMethod.java:324)
	at groovy.lang.MetaClassImpl.invokeMethod(MetaClassImpl.java:1207)
	at groovy.lang.ExpandoMetaClass.invokeMethod(ExpandoMetaClass.java:1110)
	at groovy.lang.MetaClassImpl.invokeMethod(MetaClassImpl.java:1016)
	at groovy.lang.Closure.call(Closure.java:423)
	at groovy.lang.Closure.call(Closure.java:439)
	at org.codehaus.groovy.runtime.DefaultGroovyMethods.each(DefaultGroovyMethods.java:1379)
	at org.codehaus.groovy.runtime.DefaultGroovyMethods.each(DefaultGroovyMethods.java:1372)
	at org.codehaus.groovy.runtime.dgm$149.invoke(Unknown Source)
	at org.codehaus.groovy.runtime.callsite.PojoMetaMethodSite$PojoMetaMethodSiteNoUnwrapNoCoerce.invoke(PojoMetaMethodSite.java:271)
	at org.codehaus.groovy.runtime.callsite.PojoMetaMethodSite.call(PojoMetaMethodSite.java:53)
	at org.codehaus.groovy.runtime.callsite.CallSiteArray.defaultCall(CallSiteArray.java:45)
	at org.codehaus.groovy.runtime.callsite.AbstractCallSite.call(AbstractCallSite.java:108)
	at org.codehaus.groovy.runtime.callsite.AbstractCallSite.call(AbstractCallSite.java:116)
	at grails.plugin.cucumber.Cucumber.run(Cucumber.groovy:58)
	at grails.plugin.cucumber.Cucumber$run$1.call(Unknown Source)
	at org.codehaus.groovy.runtime.callsite.CallSiteArray.defaultCall(CallSiteArray.java:45)
	at org.codehaus.groovy.runtime.callsite.AbstractCallSite.call(AbstractCallSite.java:108)
	at org.codehaus.groovy.runtime.callsite.AbstractCallSite.call(AbstractCallSite.java:116)
	at grails.plugin.cucumber.CucumberTestType.runFeatures(CucumberTestType.groovy:148)
	at grails.plugin.cucumber.CucumberTestType.this$3$runFeatures(CucumberTestType.groovy)
	at grails.plugin.cucumber.CucumberTestType$this$3$runFeatures$3.callCurrent(Unknown Source)
	at org.codehaus.groovy.runtime.callsite.CallSiteArray.defaultCallCurrent(CallSiteArray.java:49)
	at org.codehaus.groovy.runtime.callsite.AbstractCallSite.callCurrent(AbstractCallSite.java:133)
	at org.codehaus.groovy.runtime.callsite.AbstractCallSite.callCurrent(AbstractCallSite.java:141)
	at grails.plugin.cucumber.CucumberTestType.doRun(CucumberTestType.groovy:58)
	at org.codehaus.groovy.grails.test.support.GrailsTestTypeSupport.run(GrailsTestTypeSupport.groovy:121)
	at org.codehaus.groovy.grails.test.runner.GrailsProjectTestRunner.runTests(GrailsProjectTestRunner.groovy:415)
	at org.codehaus.groovy.grails.test.runner.GrailsProjectTestRunner.processTests(GrailsProjectTestRunner.groovy:395)
	at org.codehaus.groovy.reflection.CachedMethod.invoke(CachedMethod.java:90)
	at groovy.lang.MetaMethod.doMethodInvoke(MetaMethod.java:324)
	at groovy.lang.MetaClassImpl.invokeMethod(MetaClassImpl.java:1207)
	at groovy.lang.ExpandoMetaClass.invokeMethod(ExpandoMetaClass.java:1110)
	at groovy.lang.MetaClassImpl.invokeMethod(MetaClassImpl.java:1016)
	at groovy.lang.MetaClassImpl.invokeMethod(MetaClassImpl.java:1152)
	at groovy.lang.ExpandoMetaClass.invokeMethod(ExpandoMetaClass.java:1110)
	at groovy.lang.MetaClassImpl.invokeMethod(MetaClassImpl.java:1016)
	at org.codehaus.groovy.runtime.callsite.PogoMetaClassSite.callCurrent(PogoMetaClassSite.java:66)
	at org.codehaus.groovy.runtime.callsite.CallSiteArray.defaultCallCurrent(CallSiteArray.java:49)
	at org.codehaus.groovy.runtime.callsite.AbstractCallSite.callCurrent(AbstractCallSite.java:133)
	at org.codehaus.groovy.runtime.callsite.AbstractCallSite.callCurrent(AbstractCallSite.java:141)
	at org.codehaus.groovy.grails.test.runner.GrailsProjectTestRunner$_runAllTests_closure7.doCall(GrailsProjectTestRunner.groovy:313)
	at org.codehaus.groovy.reflection.CachedMethod.invoke(CachedMethod.java:90)
	at groovy.lang.MetaMethod.doMethodInvoke(MetaMethod.java:324)
	at groovy.lang.MetaClassImpl.invokeMethod(MetaClassImpl.java:1207)
	at groovy.lang.ExpandoMetaClass.invokeMethod(ExpandoMetaClass.java:1110)
	at groovy.lang.MetaClassImpl.invokeMethod(MetaClassImpl.java:1016)
	at groovy.lang.Closure.call(Closure.java:423)
	at org.codehaus.groovy.runtime.DefaultGroovyMethods.callClosureForMapEntry(DefaultGroovyMethods.java:4271)
	at org.codehaus.groovy.runtime.DefaultGroovyMethods.each(DefaultGroovyMethods.java:1408)
	at org.codehaus.groovy.runtime.dgm$151.invoke(Unknown Source)
	at org.codehaus.groovy.runtime.callsite.PojoMetaMethodSite$PojoMetaMethodSiteNoUnwrapNoCoerce.invoke(PojoMetaMethodSite.java:271)
	at org.codehaus.groovy.runtime.callsite.PojoMetaMethodSite.call(PojoMetaMethodSite.java:53)
	at org.codehaus.groovy.runtime.callsite.CallSiteArray.defaultCall(CallSiteArray.java:45)
	at org.codehaus.groovy.runtime.callsite.AbstractCallSite.call(AbstractCallSite.java:108)
	at org.codehaus.groovy.runtime.callsite.AbstractCallSite.call(AbstractCallSite.java:116)
	at org.codehaus.groovy.grails.test.runner.GrailsProjectTestRunner.runAllTests(GrailsProjectTestRunner.groovy:299)
	at org.codehaus.groovy.grails.test.runner.GrailsProjectTestRunner.runAllTests(GrailsProjectTestRunner.groovy:214)
	at org.codehaus.groovy.grails.test.runner.GrailsProjectTestRunner.runAllTests(GrailsProjectTestRunner.groovy)
	at org.codehaus.groovy.grails.test.runner.GrailsProjectTestRunner$runAllTests$0.call(Unknown Source)
	at org.codehaus.groovy.runtime.callsite.CallSiteArray.defaultCall(CallSiteArray.java:45)
	at org.codehaus.groovy.runtime.callsite.AbstractCallSite.call(AbstractCallSite.java:108)
	at org.codehaus.groovy.runtime.callsite.AbstractCallSite.call(AbstractCallSite.java:116)
</failure>
    <failure message="Undefined Step: And Consigo ver as informações do político cadastrado" type="grails.plugin.cucumber.FakeAssertionFailedError">cucumber.runtime.UndefinedStepException: Undefined Step: And Consigo ver as informações do político cadastrado
	at java.lang.reflect.Constructor.newInstance(Constructor.java:526)
	at org.codehaus.groovy.reflection.CachedConstructor.invoke(CachedConstructor.java:77)
	at org.codehaus.groovy.runtime.callsite.ConstructorSite$ConstructorSiteNoUnwrapNoCoerce.callConstructor(ConstructorSite.java:102)
	at org.codehaus.groovy.runtime.callsite.AbstractCallSite.callConstructor(AbstractCallSite.java:190)
	at grails.plugin.cucumber.CucumberFormatter.resultUndefined(CucumberFormatter.groovy:250)
	at grails.plugin.cucumber.CucumberFormatter.result(CucumberFormatter.groovy:215)
	at cucumber.runtime.Utils$1.call(Utils.java:37)
	at cucumber.runtime.Timeout.timeout(Timeout.java:13)
	at cucumber.runtime.Utils.invoke(Utils.java:31)
	at cucumber.runtime.RuntimeOptions$1.invoke(RuntimeOptions.java:243)
	at com.sun.proxy.$Proxy42.result(Unknown Source)
	at cucumber.runtime.Runtime.runStep(Runtime.java:280)
	at cucumber.runtime.model.StepContainer.runStep(StepContainer.java:44)
	at cucumber.runtime.model.StepContainer.runSteps(StepContainer.java:39)
	at cucumber.runtime.model.CucumberScenario.run(CucumberScenario.java:48)
	at cucumber.runtime.model.CucumberFeature.run(CucumberFeature.java:163)
	at cucumber.runtime.model.CucumberFeature$run$0.call(Unknown Source)
	at grails.plugin.cucumber.Cucumber$_run_closure2.doCall(Cucumber.groovy:59)
	at org.codehaus.groovy.reflection.CachedMethod.invoke(CachedMethod.java:90)
	at groovy.lang.MetaMethod.doMethodInvoke(MetaMethod.java:324)
	at groovy.lang.MetaClassImpl.invokeMethod(MetaClassImpl.java:1207)
	at groovy.lang.ExpandoMetaClass.invokeMethod(ExpandoMetaClass.java:1110)
	at groovy.lang.MetaClassImpl.invokeMethod(MetaClassImpl.java:1016)
	at groovy.lang.Closure.call(Closure.java:423)
	at groovy.lang.Closure.call(Closure.java:439)
	at org.codehaus.groovy.runtime.DefaultGroovyMethods.each(DefaultGroovyMethods.java:1379)
	at org.codehaus.groovy.runtime.DefaultGroovyMethods.each(DefaultGroovyMethods.java:1372)
	at org.codehaus.groovy.runtime.dgm$149.invoke(Unknown Source)
	at org.codehaus.groovy.runtime.callsite.PojoMetaMethodSite$PojoMetaMethodSiteNoUnwrapNoCoerce.invoke(PojoMetaMethodSite.java:271)
	at org.codehaus.groovy.runtime.callsite.PojoMetaMethodSite.call(PojoMetaMethodSite.java:53)
	at org.codehaus.groovy.runtime.callsite.CallSiteArray.defaultCall(CallSiteArray.java:45)
	at org.codehaus.groovy.runtime.callsite.AbstractCallSite.call(AbstractCallSite.java:108)
	at org.codehaus.groovy.runtime.callsite.AbstractCallSite.call(AbstractCallSite.java:116)
	at grails.plugin.cucumber.Cucumber.run(Cucumber.groovy:58)
	at grails.plugin.cucumber.Cucumber$run$1.call(Unknown Source)
	at org.codehaus.groovy.runtime.callsite.CallSiteArray.defaultCall(CallSiteArray.java:45)
	at org.codehaus.groovy.runtime.callsite.AbstractCallSite.call(AbstractCallSite.java:108)
	at org.codehaus.groovy.runtime.callsite.AbstractCallSite.call(AbstractCallSite.java:116)
	at grails.plugin.cucumber.CucumberTestType.runFeatures(CucumberTestType.groovy:148)
	at grails.plugin.cucumber.CucumberTestType.this$3$runFeatures(CucumberTestType.groovy)
	at grails.plugin.cucumber.CucumberTestType$this$3$runFeatures$3.callCurrent(Unknown Source)
	at org.codehaus.groovy.runtime.callsite.CallSiteArray.defaultCallCurrent(CallSiteArray.java:49)
	at org.codehaus.groovy.runtime.callsite.AbstractCallSite.callCurrent(AbstractCallSite.java:133)
	at org.codehaus.groovy.runtime.callsite.AbstractCallSite.callCurrent(AbstractCallSite.java:141)
	at grails.plugin.cucumber.CucumberTestType.doRun(CucumberTestType.groovy:58)
	at org.codehaus.groovy.grails.test.support.GrailsTestTypeSupport.run(GrailsTestTypeSupport.groovy:121)
	at org.codehaus.groovy.grails.test.runner.GrailsProjectTestRunner.runTests(GrailsProjectTestRunner.groovy:415)
	at org.codehaus.groovy.grails.test.runner.GrailsProjectTestRunner.processTests(GrailsProjectTestRunner.groovy:395)
	at org.codehaus.groovy.reflection.CachedMethod.invoke(CachedMethod.java:90)
	at groovy.lang.MetaMethod.doMethodInvoke(MetaMethod.java:324)
	at groovy.lang.MetaClassImpl.invokeMethod(MetaClassImpl.java:1207)
	at groovy.lang.ExpandoMetaClass.invokeMethod(ExpandoMetaClass.java:1110)
	at groovy.lang.MetaClassImpl.invokeMethod(MetaClassImpl.java:1016)
	at groovy.lang.MetaClassImpl.invokeMethod(MetaClassImpl.java:1152)
	at groovy.lang.ExpandoMetaClass.invokeMethod(ExpandoMetaClass.java:1110)
	at groovy.lang.MetaClassImpl.invokeMethod(MetaClassImpl.java:1016)
	at org.codehaus.groovy.runtime.callsite.PogoMetaClassSite.callCurrent(PogoMetaClassSite.java:66)
	at org.codehaus.groovy.runtime.callsite.CallSiteArray.defaultCallCurrent(CallSiteArray.java:49)
	at org.codehaus.groovy.runtime.callsite.AbstractCallSite.callCurrent(AbstractCallSite.java:133)
	at org.codehaus.groovy.runtime.callsite.AbstractCallSite.callCurrent(AbstractCallSite.java:141)
	at org.codehaus.groovy.grails.test.runner.GrailsProjectTestRunner$_runAllTests_closure7.doCall(GrailsProjectTestRunner.groovy:313)
	at org.codehaus.groovy.reflection.CachedMethod.invoke(CachedMethod.java:90)
	at groovy.lang.MetaMethod.doMethodInvoke(MetaMethod.java:324)
	at groovy.lang.MetaClassImpl.invokeMethod(MetaClassImpl.java:1207)
	at groovy.lang.ExpandoMetaClass.invokeMethod(ExpandoMetaClass.java:1110)
	at groovy.lang.MetaClassImpl.invokeMethod(MetaClassImpl.java:1016)
	at groovy.lang.Closure.call(Closure.java:423)
	at org.codehaus.groovy.runtime.DefaultGroovyMethods.callClosureForMapEntry(DefaultGroovyMethods.java:4271)
	at org.codehaus.groovy.runtime.DefaultGroovyMethods.each(DefaultGroovyMethods.java:1408)
	at org.codehaus.groovy.runtime.dgm$151.invoke(Unknown Source)
	at org.codehaus.groovy.runtime.callsite.PojoMetaMethodSite$PojoMetaMethodSiteNoUnwrapNoCoerce.invoke(PojoMetaMethodSite.java:271)
	at org.codehaus.groovy.runtime.callsite.PojoMetaMethodSite.call(PojoMetaMethodSite.java:53)
	at org.codehaus.groovy.runtime.callsite.CallSiteArray.defaultCall(CallSiteArray.java:45)
	at org.codehaus.groovy.runtime.callsite.AbstractCallSite.call(AbstractCallSite.java:108)
	at org.codehaus.groovy.runtime.callsite.AbstractCallSite.call(AbstractCallSite.java:116)
	at org.codehaus.groovy.grails.test.runner.GrailsProjectTestRunner.runAllTests(GrailsProjectTestRunner.groovy:299)
	at org.codehaus.groovy.grails.test.runner.GrailsProjectTestRunner.runAllTests(GrailsProjectTestRunner.groovy:214)
	at org.codehaus.groovy.grails.test.runner.GrailsProjectTestRunner.runAllTests(GrailsProjectTestRunner.groovy)
	at org.codehaus.groovy.grails.test.runner.GrailsProjectTestRunner$runAllTests$0.call(Unknown Source)
	at org.codehaus.groovy.runtime.callsite.CallSiteArray.defaultCall(CallSiteArray.java:45)
	at org.codehaus.groovy.runtime.callsite.AbstractCallSite.call(AbstractCallSite.java:108)
	at org.codehaus.groovy.runtime.callsite.AbstractCallSite.call(AbstractCallSite.java:116)
</failure>
  </testcase>
  <testcase classname="grails.plugin.cucumber.CucumberTest" name="Visualizar político" time="2.689" />
  <system-out><![CDATA[Feature: Políticos
  As a usuário do sistema
  I want to adicionar, remover, modificar e visualizar políticos no sistema
  So That eu posso gerar páginas web para exibir informações sobre o político

--Output from Adicionar politico nao existente--
--Output from Adicionar politico existente--
  #CONTROLLER
  Scenario: Adicionar politico nao existente                      # Politico.feature:7
    Given que o sistema nao tem um politico com CPF "01234567891" # PoliticoSteps.groovy:14
    When eu tentar cadastrar um politico com CPF "01234567891"    # PoliticoSteps.groovy:20
    Then o sistema ira cadastrar o politico de CPF "01234567891"  # PoliticoSteps.groovy:25

--Output from Atualizar político--
  Scenario: Adicionar politico existente                             # Politico.feature:12
    Given que o sistema tem um politico de CPF "98765432109"         # PoliticoSteps.groovy:74
    Then o sistema nao ira cadastrar o politico de CPF "98765432109" # PoliticoSteps.groovy:81

--Output from Remover político existente--
  Scenario: Atualizar político                                                            # Politico.feature:16
    Given que exista um politico com nome “Eduardo” e CPF "01234567890”
    When eu tentar atualizar os dados do político  com nome “Eduardo” e CPF "01234567890”
    Then o sistema irá atualizar o político

--Output from Novo político--
  Scenario: Remover político existente                                                                 # Politico.feature:22
    Given o sistema tem um político com nome “Eduardo” e CPF "01234567890”
    When eu tentar remover o político com o nome “Eduardo” e CPF “01234567890”
    Then o sistema ira mostrar a mensagem politico "Eduardo" de CPF “01234567890” removido com sucesso

--Output from Editar informações de um politico--
  #GUI
  Scenario: Novo político                                                                      # Politico.feature:29
    Given que eu estou no menu “Políticos”
    And não existe nenhum político com o nome “Anderson” com o CPF “102.102.152-15”
    When eu seleciono a opção “Cadastrar”
    And eu tento cadastrar o político “Anderson” com CPF “102.102.152-15” e seleciono “Salvar”
    Then eu recebo a mensagem de confirmação
    And Consigo ver as informações do político cadastrado

--Output from Visualizar político--
  Scenario: Editar informações de um politico                                                                       # Politico.feature:37
    Given que o usuário esta na tela de atualizar político visualizando o  político “Eduardo” com cpf “01234567890”
    When ao  tentar atualizar os dados do político “Eduardo” com cpf “01234567890”
    Then eu recebo a mensagem de confirmação
    And Consigo ver as informações do político cadastrado

  Scenario: Visualizar político                                                                                    # Politico.feature:43
    Given que o usuario esta no menu de político e quer visualizar os detalhes do político com o cpf "98765432109" # PoliticoSteps.groovy:96
    When o usuario seleciona o político com o cpf "98765432109"                                                    # PoliticoSteps.groovy:103
    Then o sistema exibe os detalhes do político com o cpf "98765432109"                                           # PoliticoSteps.groovy:110
]]></system-out>
  <system-err><![CDATA[
--Output from Adicionar politico nao existente--
--Output from Adicionar politico existente--
--Output from Atualizar político--
--Output from Remover político existente--
--Output from Novo político--
--Output from Editar informações de um politico--
--Output from Visualizar político--]]></system-err>
</testsuite>
