<?xml version="1.0" encoding="UTF-8" ?>
<testsuite errors="1" failures="0" hostname="DESKTOP-1N37P4B" name="Obra" tests="14" time="6.814" timestamp="2016-11-03T11:57:45">
  <properties />
  <testcase classname="grails.plugin.cucumber.CucumberTest" name="Adicionar obra nao existente" time="2.079" />
  <testcase classname="grails.plugin.cucumber.CucumberTest" name="Buscar percentual de obras atrasadas" time="0.377" />
  <testcase classname="grails.plugin.cucumber.CucumberTest" name="Buscar percentual de obras com orcamento estourado" time="0.239" />
  <testcase classname="grails.plugin.cucumber.CucumberTest" name="Adicionar obra existente" time="0.283" />
  <testcase classname="grails.plugin.cucumber.CucumberTest" name="Atualizar obra" time="0.202" />
  <testcase classname="grails.plugin.cucumber.CucumberTest" name="Remover obra existente" time="0.271" />
  <testcase classname="grails.plugin.cucumber.CucumberTest" name="Verificar status andamento obra" time="0.226" />
  <testcase classname="grails.plugin.cucumber.CucumberTest" name="Adicionar obra com data de termino anterior a data de início" time="0.247" />
  <testcase classname="grails.plugin.cucumber.CucumberTest" name="Adicionar obra com data de termino anterior a data corrente" time="0.301" />
  <testcase classname="grails.plugin.cucumber.CucumberTest" name="Atualizar nome de obra com nome já existente" time="0.32" />
  <testcase classname="grails.plugin.cucumber.CucumberTest" name="Adicionar obra de um politico inexistente" time="0.239" />
  <testcase classname="grails.plugin.cucumber.CucumberTest" name="Devolver a taxa de obras atrasadas de um determinado político" time="0.277" />
  <testcase classname="grails.plugin.cucumber.CucumberTest" name="Devolver a taxa de obras com orçamentos estourados de um determinado político" time="0.263" />
  <testcase classname="grails.plugin.cucumber.CucumberTest" name="Visualizar obra" time="0.616">
    <error message="failed to create driver from callback &apos;script14781742713061314453061$_run_closure1@31b86805&apos;" type="geb.driver.DriverCreationException">geb.driver.DriverCreationException: failed to create driver from callback &apos;script14781742713061314453061$_run_closure1@31b86805&apos;
	at geb.driver.CallbackDriverFactory.getDriver(CallbackDriverFactory.groovy:35)
	at geb.driver.CachingDriverFactory$_getDriver_closure3.doCall(CachingDriverFactory.groovy:80)
	at geb.driver.CachingDriverFactory$SimpleCache.get(CachingDriverFactory.groovy:30)
	at geb.driver.CachingDriverFactory.getDriver(CachingDriverFactory.groovy:79)
	at geb.Configuration.createDriver(Configuration.groovy:354)
	at geb.Configuration.getDriver(Configuration.groovy:343)
	at geb.Browser.getDriver(Browser.groovy:105)
	at geb.Browser.go(Browser.groovy:394)
	at geb.Page.to(Page.groovy:184)
	at geb.Browser.via(Browser.groovy:475)
	at geb.Browser.to(Browser.groovy:434)
	at geb.Browser.to(Browser.groovy:412)
	at geb.binding.BindingUpdater$InvocationForwarding.doCall(BindingUpdater.groovy:72)
	at ObraSteps$_run_closure12.doCall(ObraSteps.groovy:115)
	at ✽.Given que o usuario esta no menu de obras e quer visualizar os detalhes da obra &quot;Praca do arsenal&quot;(Obra.feature:81)
Caused by: java.lang.IllegalStateException: The driver executable does not exist: C:\Users\Preto\Desktop\ObrasPublicas\chromedrivers\chromedrivermac
	at com.google.common.base.Preconditions.checkState(Preconditions.java:177)
	at org.openqa.selenium.remote.service.DriverService.checkExecutable(DriverService.java:117)
	at org.openqa.selenium.remote.service.DriverService.findExecutable(DriverService.java:112)
	at org.openqa.selenium.chrome.ChromeDriverService.createDefaultService(ChromeDriverService.java:75)
	at org.openqa.selenium.chrome.ChromeDriver.&lt;init&gt;(ChromeDriver.java:107)
	at script14781742713061314453061$_run_closure1.doCall(script14781742713061314453061.groovy:8)
	at geb.driver.CallbackDriverFactory.getDriver(CallbackDriverFactory.groovy:29)
	at geb.driver.CachingDriverFactory$_getDriver_closure3.doCall(CachingDriverFactory.groovy:80)
	at geb.driver.CachingDriverFactory$SimpleCache.get(CachingDriverFactory.groovy:30)
	at geb.driver.CachingDriverFactory.getDriver(CachingDriverFactory.groovy:79)
	at geb.Configuration.createDriver(Configuration.groovy:354)
	at geb.Configuration.getDriver(Configuration.groovy:343)
	at geb.Browser.getDriver(Browser.groovy:105)
	at geb.Browser.go(Browser.groovy:394)
	at geb.Page.to(Page.groovy:184)
	at geb.Browser.via(Browser.groovy:475)
	at geb.Browser.to(Browser.groovy:434)
	at geb.Browser.to(Browser.groovy:412)
	at geb.binding.BindingUpdater$InvocationForwarding.doCall(BindingUpdater.groovy:72)
	at ObraSteps$_run_closure12.doCall(ObraSteps.groovy:115)
	at cucumber.runtime.groovy.GroovyBackend.invoke(GroovyBackend.java:155)
	at cucumber.runtime.groovy.GroovyStepDefinition$1.call(GroovyStepDefinition.java:71)
	at cucumber.runtime.Timeout.timeout(Timeout.java:13)
	at cucumber.runtime.groovy.GroovyStepDefinition.execute(GroovyStepDefinition.java:68)
	at cucumber.runtime.StepDefinitionMatch.runStep(StepDefinitionMatch.java:37)
	at cucumber.runtime.Runtime.runStep(Runtime.java:298)
	at cucumber.runtime.model.StepContainer.runStep(StepContainer.java:44)
	at cucumber.runtime.model.StepContainer.runSteps(StepContainer.java:39)
	at cucumber.runtime.model.CucumberScenario.run(CucumberScenario.java:48)
	at cucumber.runtime.model.CucumberFeature.run(CucumberFeature.java:163)
	at grails.plugin.cucumber.Cucumber$_run_closure2.doCall(Cucumber.groovy:59)
	at grails.plugin.cucumber.Cucumber.run(Cucumber.groovy:58)
	at grails.plugin.cucumber.CucumberTestType.runFeatures(CucumberTestType.groovy:148)
	at grails.plugin.cucumber.CucumberTestType.doRun(CucumberTestType.groovy:58)
	at _GrailsTest$_run_closure1.doCall(_GrailsTest.groovy:102)
	at TestApp$_run_closure1.doCall(TestApp.groovy:32)
</error>
  </testcase>
  <system-out><![CDATA[Feature: Obra
  As a usuario do sistema
  I want to adicionar, remover, modificar e visualizar obras no sistema
  So That eu posso gerar paginas web para exibir informacoes sobre a obra

--Output from Adicionar obra nao existente--
--Output from Buscar percentual de obras atrasadas--
  #CONTROLLER
  Scenario: Adicionar obra nao existente                            # Obra.feature:7
    Given que o sistema nao tem uma obra chamada "Praca do arsenal" # ObraSteps.groovy:18
    When eu tentar cadastrar uma obra com o nome "Praca do arsenal" # ObraSteps.groovy:25
    Then o sistema ira cadastrar a obra de nome "Praca do arsenal"  # ObraSteps.groovy:30

--Output from Buscar percentual de obras com orcamento estourado--
  Scenario: Buscar percentual de obras atrasadas        # Obra.feature:12
    Given que o sistema tem uma lista de "4" Obras      # ObraSteps.groovy:64
    And o sistema tem "3" obra atrasada                 # ObraSteps.groovy:70
    Then o percentual de atrasos sera de "75" por cento # ObraSteps.groovy:76

--Output from Adicionar obra existente--
  Scenario: Buscar percentual de obras com orcamento estourado         # Obra.feature:17
    Given que o sistema tem uma lista de "4" Obras com seus orcamentos # ObraSteps.groovy:87
    And o sistema tem "3" obra com orcamento estourado                 # ObraSteps.groovy:93
    Then o percentual de orcamento estourado sera de "75" por cento    # ObraSteps.groovy:99

--Output from Atualizar obra--
  Scenario: Adicionar obra existente                                   # Obra.feature:22
    Given que o sistema tem uma obra chamada "Praca do arsenal"        # ObraSteps.groovy:44
    When eu tentar cadastrar uma obra com o nome "Praca do arsenal"    # ObraSteps.groovy:25
    Then o sistema nao ira cadastrar a obra de nome "Praca do arsenal" # ObraSteps.groovy:51

--Output from Remover obra existente--
  Scenario: Atualizar obra                                                  # Obra.feature:27
    Given que o sistema tem uma obra chamada "Praca do arsenal"             # ObraSteps.groovy:44
    When eu tentar atualizar os dados da obra com o nome "Praca do arsenal" # ObraSteps.groovy:139
    Then o sistema atualiza a obra com o nome "Praca do arsenal"            # ObraSteps.groovy:143

--Output from Verificar status andamento obra--
  Scenario: Remover obra existente                                # Obra.feature:32
    Given que o sistema tem uma obra chamada "Praca do arsenal"   # ObraSteps.groovy:44
    When eu tentar remover a obra com o nome "Praca do arsenal"   # ObraSteps.groovy:268
    Then o sistema ira remover a obra com nome "Praca do arsenal" # ObraSteps.groovy:273

--Output from Adicionar obra com data de termino anterior a data de início--
  Scenario: Verificar status andamento obra                                                                   # Obra.feature:37
    Given que o sistema tem uma obra chamada "Praca do arsenal" que esta atrasada mas esta com status "emDia" # ObraSteps.groovy:285
    When eu tentar verificar o status da obra com o nome "Praca do arsenal"                                   # ObraSteps.groovy:292
    Then o sistema ira atualizar obra com nome "Praca do arsenal" para "atrasada"                             # ObraSteps.groovy:297

--Output from Adicionar obra com data de termino anterior a data corrente--
  Scenario: Adicionar obra com data de termino anterior a data de início         # Obra.feature:42
    Given que o sistema nao tem uma obra chamada "Praca do arsenal"              # ObraSteps.groovy:18
    When eu tentar cadastrar uma obra com o nome "Praca do arsenal"              # ObraSteps.groovy:25
    And insiro a data inicial "12 October 2017" e a data final "12 October 2013" # ObraSteps.groovy:157
    Then o sistema nao ira cadastrar a obra de nome "Praca do arsenal"           # ObraSteps.groovy:51

--Output from Atualizar nome de obra com nome já existente--
  Scenario: Adicionar obra com data de termino anterior a data corrente # Obra.feature:48
    Given que o sistema nao tem uma obra chamada "Praca do arsenal"     # ObraSteps.groovy:18
    When eu tentar cadastrar uma obra com o nome "Praca do arsenal"     # ObraSteps.groovy:25
    And insiro a data final "12 October 2013"                           # ObraSteps.groovy:169
    Then o sistema nao ira cadastrar a obra de nome "Praca do arsenal"  # ObraSteps.groovy:51

--Output from Adicionar obra de um politico inexistente--
  Scenario: Atualizar nome de obra com nome já existente                                   # Obra.feature:54
    Given que o sistema tem uma obra chamada "Praca do arsenal"                            # ObraSteps.groovy:44
    And tem uma obra com o nome "Ilha do Retiro"                                           # ObraSteps.groovy:182
    When eu tentar atualizar o nome da obra "Praca do arsenal" com o nome "Ilha do Retiro" # ObraSteps.groovy:187
    Then o sistema não atualiza a obra com o novo nome "Ilha do Retiro"                    # ObraSteps.groovy:192

--Output from Devolver a taxa de obras atrasadas de um determinado político--
  Scenario: Adicionar obra de um politico inexistente                  # Obra.feature:60
    Given que o sistema nao tem uma obra chamada "Praca do arsenal"    # ObraSteps.groovy:18
    And não existe um politico com o cpf "11122233344"                 # ObraSteps.groovy:205
    When eu tentar cadastrar uma obra com o nome "Praca do arsenal"    # ObraSteps.groovy:25
    Then o sistema nao ira cadastrar a obra de nome "Praca do arsenal" # ObraSteps.groovy:51

--Output from Devolver a taxa de obras com orçamentos estourados de um determinado político--
  Scenario: Devolver a taxa de obras atrasadas de um determinado político                            # Obra.feature:66
    Given que o sistema tem um politico com o cpf "98765432109"                                      # ObraSteps.groovy:219
    And o sistema tem "2" obras associada ao politico com o cpf "98765432109"                        # ObraSteps.groovy:225
    And o sistema tem "1" obra atrasada associada ao politico com o cpf "98765432109"                # ObraSteps.groovy:230
    Then o percentual de obras atrasadas para o politico com o cpf "98765432109" é de "50" por cento # ObraSteps.groovy:235

--Output from Visualizar obra--
  Scenario: Devolver a taxa de obras com orçamentos estourados de um determinado político                          # Obra.feature:72
    Given que o sistema tem um politico com o cpf "98765432109"                                                    # ObraSteps.groovy:219
    And o sistema tem "2" obras associada ao politico com o cpf "98765432109"                                      # ObraSteps.groovy:225
    And o sistema tem "1" obra com orçamento estourado associada ao politico com o cpf "98765432109"               # ObraSteps.groovy:248
    Then o percentual de obras com orcamento estourado para o politico com o cpf "98765432109" é de "50" por cento # ObraSteps.groovy:253

  #GUI
  Scenario: Visualizar obra                                                                            # Obra.feature:80
    Given que o usuario esta no menu de obras e quer visualizar os detalhes da obra "Praca do arsenal" # ObraSteps.groovy:112
      geb.driver.DriverCreationException: failed to create driver from callback 'script14781742713061314453061$_run_closure1@31b86805'
      	at geb.driver.CallbackDriverFactory.getDriver(CallbackDriverFactory.groovy:35)
      	at geb.driver.CachingDriverFactory$_getDriver_closure3.doCall(CachingDriverFactory.groovy:80)
      	at geb.driver.CachingDriverFactory$_getDriver_closure3.doCall(CachingDriverFactory.groovy)
      	at geb.driver.CachingDriverFactory$SimpleCache.get(CachingDriverFactory.groovy:30)
      	at geb.driver.CachingDriverFactory.getDriver(CachingDriverFactory.groovy:79)
      	at geb.Configuration.createDriver(Configuration.groovy:354)
      	at geb.Configuration.getDriver(Configuration.groovy:343)
      	at geb.Browser.getDriver(Browser.groovy:105)
      	at geb.Browser.go(Browser.groovy:394)
      	at geb.Browser$go$3.call(Unknown Source)
      	at geb.Page.to(Page.groovy:184)
      	at geb.Browser.via(Browser.groovy:475)
      	at geb.Browser$via$2.callCurrent(Unknown Source)
      	at geb.Browser.to(Browser.groovy:434)
      	at geb.Browser$to$1.callCurrent(Unknown Source)
      	at geb.Browser.to(Browser.groovy:412)
      	at geb.binding.BindingUpdater$InvocationForwarding.doCall(BindingUpdater.groovy:72)
      	at ObraSteps$_run_closure12.doCall(ObraSteps.groovy:115)
      	at ✽.Given que o usuario esta no menu de obras e quer visualizar os detalhes da obra "Praca do arsenal"(Obra.feature:81)
      Caused by: java.lang.IllegalStateException: The driver executable does not exist: C:\Users\Preto\Desktop\ObrasPublicas\chromedrivers\chromedrivermac
      	at com.google.common.base.Preconditions.checkState(Preconditions.java:177)
      	at org.openqa.selenium.remote.service.DriverService.checkExecutable(DriverService.java:117)
      	at org.openqa.selenium.remote.service.DriverService.findExecutable(DriverService.java:112)
      	at org.openqa.selenium.chrome.ChromeDriverService.createDefaultService(ChromeDriverService.java:75)
      	at org.openqa.selenium.chrome.ChromeDriver.<init>(ChromeDriver.java:107)
      	at script14781742713061314453061$_run_closure1.doCall(script14781742713061314453061.groovy:8)
      	at script14781742713061314453061$_run_closure1.doCall(script14781742713061314453061.groovy)
      	at geb.driver.CallbackDriverFactory.getDriver(CallbackDriverFactory.groovy:29)
      	at geb.driver.CachingDriverFactory$_getDriver_closure3.doCall(CachingDriverFactory.groovy:80)
      	at geb.driver.CachingDriverFactory$_getDriver_closure3.doCall(CachingDriverFactory.groovy)
      	at geb.driver.CachingDriverFactory$SimpleCache.get(CachingDriverFactory.groovy:30)
      	at geb.driver.CachingDriverFactory.getDriver(CachingDriverFactory.groovy:79)
      	at geb.Configuration.createDriver(Configuration.groovy:354)
      	at geb.Configuration.getDriver(Configuration.groovy:343)
      	at geb.Browser.getDriver(Browser.groovy:105)
      	at geb.Browser.go(Browser.groovy:394)
      	at geb.Browser$go$3.call(Unknown Source)
      	at geb.Page.to(Page.groovy:184)
      	at geb.Browser.via(Browser.groovy:475)
      	at geb.Browser$via$2.callCurrent(Unknown Source)
      	at geb.Browser.to(Browser.groovy:434)
      	at geb.Browser$to$1.callCurrent(Unknown Source)
      	at geb.Browser.to(Browser.groovy:412)
      	at geb.binding.BindingUpdater$InvocationForwarding.doCall(BindingUpdater.groovy:72)
      	at ObraSteps$_run_closure12.doCall(ObraSteps.groovy:115)
      	at cucumber.runtime.groovy.GroovyBackend.invoke(GroovyBackend.java:155)
      	at cucumber.runtime.groovy.GroovyStepDefinition$1.call(GroovyStepDefinition.java:71)
      	at cucumber.runtime.Timeout.timeout(Timeout.java:13)
      	at cucumber.runtime.groovy.GroovyStepDefinition.execute(GroovyStepDefinition.java:68)
      	at cucumber.runtime.StepDefinitionMatch.runStep(StepDefinitionMatch.java:37)
      	at cucumber.runtime.Runtime.runStep(Runtime.java:298)
      	at cucumber.runtime.model.StepContainer.runStep(StepContainer.java:44)
      	at cucumber.runtime.model.StepContainer.runSteps(StepContainer.java:39)
      	at cucumber.runtime.model.CucumberScenario.run(CucumberScenario.java:48)
      	at cucumber.runtime.model.CucumberFeature.run(CucumberFeature.java:163)
      	at cucumber.runtime.model.CucumberFeature$run$0.call(Unknown Source)
      	at grails.plugin.cucumber.Cucumber$_run_closure2.doCall(Cucumber.groovy:59)
      	at grails.plugin.cucumber.Cucumber.run(Cucumber.groovy:58)
      	at grails.plugin.cucumber.Cucumber$run$1.call(Unknown Source)
      	at grails.plugin.cucumber.CucumberTestType.runFeatures(CucumberTestType.groovy:148)
      	at grails.plugin.cucumber.CucumberTestType.this$3$runFeatures(CucumberTestType.groovy)
      	at grails.plugin.cucumber.CucumberTestType$this$3$runFeatures$3.callCurrent(Unknown Source)
      	at grails.plugin.cucumber.CucumberTestType.doRun(CucumberTestType.groovy:58)
      	at _GrailsTest$_run_closure1.doCall(_GrailsTest.groovy:102)
      	at org.codehaus.gant.GantMetaClass.invokeMethod(GantMetaClass.java:133)
      	at org.codehaus.gant.GantBinding$_initializeGantBinding_closure5_closure16_closure18.doCall(GantBinding.groovy:185)
      	at org.codehaus.gant.GantBinding$_initializeGantBinding_closure5_closure16_closure18.doCall(GantBinding.groovy)
      	at org.codehaus.gant.GantBinding.withTargetEvent(GantBinding.groovy:90)
      	at org.codehaus.gant.GantBinding.this$4$withTargetEvent(GantBinding.groovy)
      	at org.codehaus.gant.GantBinding$_initializeGantBinding_closure5_closure16.doCall(GantBinding.groovy:185)
      	at org.codehaus.gant.GantBinding$_initializeGantBinding_closure5_closure16.doCall(GantBinding.groovy)
      	at org.codehaus.gant.GantMetaClass.invokeMethod(GantMetaClass.java:133)
      	at TestApp$_run_closure1.doCall(TestApp.groovy:32)
      	at org.codehaus.gant.GantMetaClass.invokeMethod(GantMetaClass.java:133)
      	at org.codehaus.gant.GantBinding$_initializeGantBinding_closure5_closure16_closure18.doCall(GantBinding.groovy:185)
      	at org.codehaus.gant.GantBinding$_initializeGantBinding_closure5_closure16_closure18.doCall(GantBinding.groovy)
      	at org.codehaus.gant.GantBinding.withTargetEvent(GantBinding.groovy:90)
      	at org.codehaus.gant.GantBinding.this$4$withTargetEvent(GantBinding.groovy)
      	at org.codehaus.gant.GantBinding$_initializeGantBinding_closure5_closure16.doCall(GantBinding.groovy:185)
      	at org.codehaus.gant.GantBinding$_initializeGantBinding_closure5_closure16.doCall(GantBinding.groovy)
      	at gant.Gant$_dispatch_closure5.doCall(Gant.groovy:381)
      	at gant.Gant$_dispatch_closure7.doCall(Gant.groovy:415)
      	at gant.Gant$_dispatch_closure7.doCall(Gant.groovy)
      	at gant.Gant.withBuildListeners(Gant.groovy:427)
      	at gant.Gant.this$2$withBuildListeners(Gant.groovy)
      	at gant.Gant$this$2$withBuildListeners$0.callCurrent(Unknown Source)
      	at gant.Gant.dispatch(Gant.groovy:415)
      	at gant.Gant.this$2$dispatch(Gant.groovy)
      	at gant.Gant.invokeMethod(Gant.groovy)
      	at gant.Gant.executeTargets(Gant.groovy:591)
      	at gant.Gant.executeTargets(Gant.groovy:590)

    When o usuario seleciona a obra "Praca do arsenal"                                                 # ObraSteps.groovy:119
    Then o sistema exibe os detalhes da obra "Praca do arsenal"                                        # ObraSteps.groovy:126
]]></system-out>
  <system-err><![CDATA[
--Output from Adicionar obra nao existente--
--Output from Buscar percentual de obras atrasadas--
--Output from Buscar percentual de obras com orcamento estourado--
--Output from Adicionar obra existente--
--Output from Atualizar obra--
--Output from Remover obra existente--
--Output from Verificar status andamento obra--
--Output from Adicionar obra com data de termino anterior a data de início--
--Output from Adicionar obra com data de termino anterior a data corrente--
--Output from Atualizar nome de obra com nome já existente--
--Output from Adicionar obra de um politico inexistente--
--Output from Devolver a taxa de obras atrasadas de um determinado político--
--Output from Devolver a taxa de obras com orçamentos estourados de um determinado político--
--Output from Visualizar obra--]]></system-err>
</testsuite>
